#
# A fatal error has been detected by the Java Runtime Environment:
#
#  EXCEPTION_ACCESS_VIOLATION (0xc0000005) at pc=0x00007ffdb88ea469, pid=92628, tid=5760
#
# JRE version: OpenJDK Runtime Environment (11.0.10) (build 11.0.10+0-b96-7249189)
# Java VM: OpenJDK 64-Bit Server VM (11.0.10+0-b96-7249189, mixed mode, tiered, compressed oops, g1 gc, windows-amd64)
# Problematic frame:
# V  [jvm.dll+0x2da469]
#
# No core dump will be written. Minidumps are not enabled by default on client versions of Windows
#
# If you would like to submit a bug report, please visit:
#   https://bugreport.java.com/bugreport/crash.jsp
#

---------------  S U M M A R Y ------------

Command Line: --add-opens=java.base/java.util=ALL-UNNAMED --add-opens=java.base/java.lang=ALL-UNNAMED --add-opens=java.base/java.lang.invoke=ALL-UNNAMED --add-opens=java.base/java.util=ALL-UNNAMED --add-opens=java.prefs/java.util.prefs=ALL-UNNAMED --add-opens=java.prefs/java.util.prefs=ALL-UNNAMED --add-opens=java.base/java.nio.charset=ALL-UNNAMED --add-opens=java.base/java.net=ALL-UNNAMED --add-opens=java.base/java.util.concurrent.atomic=ALL-UNNAMED -Xmx2048m -Dfile.encoding=UTF-8 -Duser.country=US -Duser.language=en -Duser.variant org.gradle.launcher.daemon.bootstrap.GradleDaemon 7.0.2

Host: AMD Ryzen 3 4300U with Radeon Graphics         , 4 cores, 13G,  Windows 10 , 64 bit Build 22000 (10.0.22000.318)
Time: Sun Jan 16 11:11:21 2022 SE Asia Standard Time elapsed time: 9861.644659 seconds (0d 2h 44m 21s)

---------------  T H R E A D  ---------------

Current thread (0x000002948aeda000):  ConcurrentGCThread "G1 Conc#0" [stack: 0x000000ee49100000,0x000000ee49200000] [id=5760]

Stack: [0x000000ee49100000,0x000000ee49200000],  sp=0x000000ee491ff790,  free space=1021k
Native frames: (J=compiled Java code, j=interpreted, Vv=VM code, C=native code)
V  [jvm.dll+0x2da469]
V  [jvm.dll+0x2da396]
V  [jvm.dll+0x2d1dbd]
V  [jvm.dll+0x2d1aa1]
V  [jvm.dll+0x2dffcf]
V  [jvm.dll+0x2e1d8b]
V  [jvm.dll+0x2e395b]
V  [jvm.dll+0x2e2579]
V  [jvm.dll+0x2e6b46]
V  [jvm.dll+0x748da0]
V  [jvm.dll+0x6e3d45]
V  [jvm.dll+0x5ebe96]
C  [ucrtbase.dll+0x26c0c]
C  [KERNEL32.DLL+0x154e0]
C  [ntdll.dll+0x485b]


siginfo: EXCEPTION_ACCESS_VIOLATION (0xc0000005), reading address 0x0000000000000160


Register to memory mapping:

RIP=0x00007ffdb88ea469 jvm.dll
RAX=0x000002948aeb7280 points into unknown readable memory: 0x0000000000000000 | 00 00 00 00 00 00 00 00
RBX=0x0000000001000000 is an unknown value
RCX=0x000002948aecec80 points into unknown readable memory: 0x000002948aed7800 | 00 78 ed 8a 94 02 00 00
RDX=0x0 is NULL
RSP=0x000000ee491ff790 points into unknown readable memory: 0x00000000808b2dd8 | d8 2d 8b 80 00 00 00 00
RBP=0x000002948aecec80 points into unknown readable memory: 0x000002948aed7800 | 00 78 ed 8a 94 02 00 00
RSI=0x00000001000062e0 is pointing into metadata
RDI=0x0000000001000000 is an unknown value
R8 =0x0 is NULL
R9 =0x0000000001000000 is an unknown value
R10=0x000002948aecec80 points into unknown readable memory: 0x000002948aed7800 | 00 78 ed 8a 94 02 00 00
R11=0x000002949e580000 points into unknown readable memory: 0x0000000000000001 | 01 00 00 00 00 00 00 00
R12=0x000000000000000c is an unknown value
R13=0x00000001000060b8 is a pointer to class: 
java.lang.ref.WeakReference {0x00000001000060c0}
R14=0x0 is NULL
R15=0x0000000089463228 is an oop: java.lang.ref.WeakReference 
{0x0000000089463228} - klass: 'java/lang/ref/WeakReference'


Registers:
RAX=0x000002948aeb7280, RBX=0x0000000001000000, RCX=0x000002948aecec80, RDX=0x0000000000000000
RSP=0x000000ee491ff790, RBP=0x000002948aecec80, RSI=0x00000001000062e0, RDI=0x0000000001000000
R8 =0x0000000000000000, R9 =0x0000000001000000, R10=0x000002948aecec80, R11=0x000002949e580000
R12=0x000000000000000c, R13=0x00000001000060b8, R14=0x0000000000000000, R15=0x0000000089463228
RIP=0x00007ffdb88ea469, EFLAGS=0x0000000000010206

Top of Stack: (sp=0x000000ee491ff790)
0x000000ee491ff790:   00000000808b2dd8 00000001000062e0
0x000000ee491ff7a0:   00000000807cdcc0 0000000100028b90
0x000000ee491ff7b0:   00000001000062e8 00007ffdb88ea396
0x000000ee491ff7c0:   00000001000062e0 00007ffdb88ea396
0x000000ee491ff7d0:   000002948aedcdb0 000000ee491ff9a8
0x000000ee491ff7e0:   0000000000000000 000000ee491ff9a8
0x000000ee491ff7f0:   0000000089463240 00007ffdb88e1dbd
0x000000ee491ff800:   0000000000000004 000000008946323c
0x000000ee491ff810:   0000000000000004 000000008946321c
0x000000ee491ff820:   000000ee491ff980 000002948aeda701
0x000000ee491ff830:   aaaaaaaaaaaaaaab 0000000089463228
0x000000ee491ff840:   000000ee491ff9a8 00007ffdb88e1aa1
0x000000ee491ff850:   0000000000000004 00000001000060b8
0x000000ee491ff860:   0000000000000004 0000000000000000
0x000000ee491ff870:   0000000089463228 00007ffdb88effcf
0x000000ee491ff880:   000002948aedcdb0 00000000012a0000 

Instructions: (pc=0x00007ffdb88ea469)
0x00007ffdb88ea369:   00 00 00 00 48 8b fa 4c 8b ca 49 8b 42 08 8b 53
0x00007ffdb88ea379:   10 8b 88 c0 02 00 00 48 8b 80 b0 02 00 00 49 d3
0x00007ffdb88ea389:   e8 49 8b ca 4e 8b 04 c0 e8 ba 00 00 00 84 c0 75
0x00007ffdb88ea399:   0b 48 8b 5c 24 48 48 83 c4 30 5f c3 48 8b 43 20
0x00007ffdb88ea3a9:   48 8b 88 d8 02 00 00 48 8b 83 98 00 00 00 48 85
0x00007ffdb88ea3b9:   c0 74 0e 48 3b f8 72 0e 48 3b bb a0 00 00 00 72
0x00007ffdb88ea3c9:   77 48 3b f9 73 72 80 3d c2 d1 71 00 00 74 15 8b
0x00007ffdb88ea3d9:   47 08 8b 0d 37 47 6d 00 48 d3 e0 48 03 05 25 47
0x00007ffdb88ea3e9:   6d 00 eb 04 48 8b 47 08 81 78 08 00 00 00 c0 72
0x00007ffdb88ea3f9:   35 48 8b 83 b0 00 00 00 48 39 83 a8 00 00 00 73
0x00007ffdb88ea409:   10 48 8b 83 c8 00 00 00 48 39 83 c0 00 00 00 72
0x00007ffdb88ea419:   27 48 8b cb e8 0e a4 00 00 b0 01 48 8b 5c 24 48
0x00007ffdb88ea429:   48 83 c4 30 5f c3 48 8d 54 24 40 48 89 7c 24 40
0x00007ffdb88ea439:   48 8b cb e8 ff 18 00 00 b0 01 48 8b 5c 24 48 48
0x00007ffdb88ea449:   83 c4 30 5f c3 cc cc 48 89 5c 24 18 48 89 6c 24
0x00007ffdb88ea459:   20 41 56 48 83 ec 20 49 8b d9 44 8b f2 48 8b e9
0x00007ffdb88ea469:   4d 3b 88 60 01 00 00 72 13 32 c0 48 8b 5c 24 40
0x00007ffdb88ea479:   48 8b 6c 24 48 48 83 c4 20 41 5e c3 48 8b 81 90
0x00007ffdb88ea489:   00 00 00 48 8b d3 48 89 74 24 30 48 2b 10 8b 48
0x00007ffdb88ea499:   10 48 c1 ea 03 48 d3 ea 48 8d 48 18 e8 c6 38 e3
0x00007ffdb88ea4a9:   ff 0f b6 f0 84 c0 74 6f 48 89 7c 24 38 48 8b 7c
0x00007ffdb88ea4b9:   24 50 48 85 ff 75 2d 40 38 3d d1 d0 71 00 74 15
0x00007ffdb88ea4c9:   8b 53 08 8b 0d 46 46 6d 00 48 d3 e2 48 03 15 34
0x00007ffdb88ea4d9:   46 6d 00 eb 04 48 8b 53 08 48 8b cb e8 f6 24 eb
0x00007ffdb88ea4e9:   ff 48 63 f8 48 8b 85 f0 02 00 00 8b 0d be d6 71
0x00007ffdb88ea4f9:   00 4a 8b 14 f0 48 8b 42 18 48 8b 40 10 48 2b d8
0x00007ffdb88ea509:   48 d3 eb 48 8d 4a 38 8b d3 e8 c9 e4 ff ff 48 01
0x00007ffdb88ea519:   78 08 48 8b 7c 24 38 48 8b 5c 24 40 40 0f b6 c6
0x00007ffdb88ea529:   48 8b 74 24 30 48 8b 6c 24 48 48 83 c4 20 41 5e
0x00007ffdb88ea539:   c3 cc cc cc cc cc cc 4c 8b 81 b8 02 00 00 48 8b
0x00007ffdb88ea549:   81 a8 02 00 00 8b 91 c0 02 00 00 49 03 c0 8b ca
0x00007ffdb88ea559:   48 d3 e0 49 d3 e0 49 2b c0 48 83 e0 f8 c3 cc cc 


Stack slot to memory mapping:
stack at sp + 0 slots: 0x00000000808b2dd8 is an oop: java.lang.ref.ReferenceQueue$Null 
{0x00000000808b2dd8} - klass: 'java/lang/ref/ReferenceQueue$Null'
stack at sp + 1 slots: 0x00000001000062e0 is pointing into metadata
stack at sp + 2 slots: 0x00000000807cdcc0 is an oop: java.lang.Boolean 
{0x00000000807cdcc0} - klass: 'java/lang/Boolean'
stack at sp + 3 slots: 0x0000000100028b90 is pointing into metadata
stack at sp + 4 slots: 0x00000001000062e8 is a pointer to class: 
java.lang.ref.FinalReference {0x00000001000062f0}
stack at sp + 5 slots: 0x00007ffdb88ea396 jvm.dll
stack at sp + 6 slots: 0x00000001000062e0 is pointing into metadata
stack at sp + 7 slots: 0x00007ffdb88ea396 jvm.dll


---------------  P R O C E S S  ---------------

Threads class SMR info:
_java_thread_list=0x00000294ace33600, length=56, elements={
0x000002948ae8d800, 0x00000294a52d3000, 0x00000294a52d4800, 0x00000294a5327800,
0x00000294a5329000, 0x00000294a532a800, 0x00000294a532f800, 0x00000294a5333000,
0x00000294a4a9a000, 0x00000294a5482000, 0x00000294a6e60800, 0x00000294a5830800,
0x00000294a622f000, 0x00000294a761c000, 0x00000294a7619000, 0x00000294a761a800,
0x00000294a761d000, 0x00000294a761b800, 0x00000294a9fc1000, 0x00000294a9fbe000,
0x00000294a9fc4800, 0x00000294a9fbe800, 0x00000294a9fc9000, 0x00000294a9fcc800,
0x00000294a9fc7800, 0x00000294ab102800, 0x00000294ab104000, 0x00000294ab101000,
0x00000294ab106000, 0x00000294afc32000, 0x00000294a9fc2000, 0x00000294a9fbf800,
0x00000294a9fca000, 0x00000294a9fc6000, 0x00000294a9fc8800, 0x00000294ac5c7800,
0x00000294ac5c8800, 0x00000294ac5c5000, 0x00000294ac5ca000, 0x00000294ac5c4800,
0x00000294ac5cd800, 0x00000294ac5cc800, 0x00000294ac5cb800, 0x00000294ac5cb000,
0x00000294ac5ce000, 0x00000294ac5cf000, 0x00000294ac5c9000, 0x00000294ac5d0800,
0x00000294ac5d1800, 0x00000294ac5d3000, 0x00000294acb63000, 0x00000294acb5f000,
0x00000294acb60000, 0x00000294acb64000, 0x00000294acb60800, 0x00000294acb61800
}

Java Threads: ( => current thread )
  0x000002948ae8d800 JavaThread "main" [_thread_blocked, id=1188, stack(0x000000ee48e00000,0x000000ee48f00000)]
  0x00000294a52d3000 JavaThread "Reference Handler" daemon [_thread_blocked, id=59300, stack(0x000000ee49500000,0x000000ee49600000)]
  0x00000294a52d4800 JavaThread "Finalizer" daemon [_thread_blocked, id=119336, stack(0x000000ee49600000,0x000000ee49700000)]
  0x00000294a5327800 JavaThread "Signal Dispatcher" daemon [_thread_blocked, id=120804, stack(0x000000ee49700000,0x000000ee49800000)]
  0x00000294a5329000 JavaThread "Attach Listener" daemon [_thread_blocked, id=116112, stack(0x000000ee49800000,0x000000ee49900000)]
  0x00000294a532a800 JavaThread "Service Thread" daemon [_thread_blocked, id=113612, stack(0x000000ee49900000,0x000000ee49a00000)]
  0x00000294a532f800 JavaThread "C2 CompilerThread0" daemon [_thread_blocked, id=54504, stack(0x000000ee49a00000,0x000000ee49b00000)]
  0x00000294a5333000 JavaThread "C1 CompilerThread0" daemon [_thread_blocked, id=119300, stack(0x000000ee49b00000,0x000000ee49c00000)]
  0x00000294a4a9a000 JavaThread "Sweeper thread" daemon [_thread_blocked, id=117432, stack(0x000000ee49c00000,0x000000ee49d00000)]
  0x00000294a5482000 JavaThread "Common-Cleaner" daemon [_thread_blocked, id=116684, stack(0x000000ee49d00000,0x000000ee49e00000)]
  0x00000294a6e60800 JavaThread "Daemon health stats" [_thread_blocked, id=117260, stack(0x000000ee4a300000,0x000000ee4a400000)]
  0x00000294a5830800 JavaThread "Incoming local TCP Connector on port 64355" [_thread_in_native, id=5388, stack(0x000000ee49f00000,0x000000ee4a000000)]
  0x00000294a622f000 JavaThread "Daemon periodic checks" [_thread_blocked, id=4664, stack(0x000000ee4a400000,0x000000ee4a500000)]
  0x00000294a761c000 JavaThread "Cache worker for file hash cache (C:\Users\Theod\.gradle\caches\7.0.2\fileHashes)" [_thread_blocked, id=115092, stack(0x000000ee4ac00000,0x000000ee4ad00000)]
  0x00000294a7619000 JavaThread "File lock request listener" [_thread_in_native, id=118080, stack(0x000000ee4ad00000,0x000000ee4ae00000)]
  0x00000294a761a800 JavaThread "Cache worker for journal cache (C:\Users\Theod\.gradle\caches\journal-1)" [_thread_blocked, id=116320, stack(0x000000ee4ae00000,0x000000ee4af00000)]
  0x00000294a761d000 JavaThread "File watcher server" daemon [_thread_in_native, id=113716, stack(0x000000ee4b100000,0x000000ee4b200000)]
  0x00000294a761b800 JavaThread "File watcher consumer" daemon [_thread_blocked, id=2440, stack(0x000000ee4b200000,0x000000ee4b300000)]
  0x00000294a9fc1000 JavaThread "Cache worker for execution history cache (C:\Users\Theod\.gradle\caches\7.0.2\executionHistory)" [_thread_blocked, id=119352, stack(0x000000ee4af00000,0x000000ee4b000000)]
  0x00000294a9fbe000 JavaThread "jar transforms" [_thread_blocked, id=44068, stack(0x000000ee4b700000,0x000000ee4b800000)]
  0x00000294a9fc4800 JavaThread "jar transforms Thread 2" [_thread_blocked, id=114256, stack(0x000000ee4b800000,0x000000ee4b900000)]
  0x00000294a9fbe800 JavaThread "Cache worker for file content cache (C:\Users\Theod\.gradle\caches\7.0.2\fileContent)" [_thread_blocked, id=116336, stack(0x000000ee4b900000,0x000000ee4ba00000)]
  0x00000294a9fc9000 JavaThread "jar transforms Thread 3" [_thread_blocked, id=45952, stack(0x000000ee4b600000,0x000000ee4b700000)]
  0x00000294a9fcc800 JavaThread "jar transforms Thread 4" [_thread_blocked, id=111504, stack(0x000000ee4c100000,0x000000ee4c200000)]
  0x00000294a9fc7800 JavaThread "Memory manager" [_thread_blocked, id=106160, stack(0x000000ee4c300000,0x000000ee4c400000)]
  0x00000294ab102800 JavaThread "RMI Scheduler(0)" daemon [_thread_blocked, id=119200, stack(0x000000ee4ca00000,0x000000ee4cb00000)]
  0x00000294ab104000 JavaThread "RMI GC Daemon" daemon [_thread_blocked, id=3300, stack(0x000000ee4d200000,0x000000ee4d300000)]
  0x00000294ab101000 JavaThread "RMI TCP Accept-0" daemon [_thread_in_native, id=121140, stack(0x000000ee4d300000,0x000000ee4d400000)]
  0x00000294ab106000 JavaThread "RMI Reaper" [_thread_blocked, id=118824, stack(0x000000ee4d400000,0x000000ee4d500000)]
  0x00000294afc32000 JavaThread "Cache worker for Java compile cache (C:\Users\Theod\.gradle\caches\7.0.2\javaCompile)" [_thread_blocked, id=120416, stack(0x000000ee4aa00000,0x000000ee4ab00000)]
  0x00000294a9fc2000 JavaThread "ForkJoinPool.commonPool-worker-7" daemon [_thread_blocked, id=127052, stack(0x000000ee4da00000,0x000000ee4db00000)]
  0x00000294a9fbf800 JavaThread "Daemon Thread 17" [_thread_blocked, id=126088, stack(0x000000ee48b00000,0x000000ee48c00000)]
  0x00000294a9fca000 JavaThread "Handler for socket connection from /127.0.0.1:64355 to /127.0.0.1:52338" [_thread_in_native, id=125888, stack(0x000000ee48c00000,0x000000ee48d00000)]
  0x00000294a9fc6000 JavaThread "Cancel handler" [_thread_blocked, id=127524, stack(0x000000ee48d00000,0x000000ee48e00000)]
  0x00000294a9fc8800 JavaThread "Daemon worker Thread 17" [_thread_blocked, id=126108, stack(0x000000ee4a500000,0x000000ee4a600000)]
  0x00000294ac5c7800 JavaThread "Asynchronous log dispatcher for DefaultDaemonConnection: socket connection from /127.0.0.1:64355 to /127.0.0.1:52338" [_thread_blocked, id=117452, stack(0x000000ee4a600000,0x000000ee4a700000)]
  0x00000294ac5c8800 JavaThread "Stdin handler" [_thread_blocked, id=127896, stack(0x000000ee4a700000,0x000000ee4a800000)]
  0x00000294ac5c5000 JavaThread "Daemon client event forwarder" [_thread_blocked, id=118856, stack(0x000000ee4a800000,0x000000ee4a900000)]
  0x00000294ac5ca000 JavaThread "Cache worker for file hash cache (C:\Users\Theod\AndroidStudioProjects\CareAction\.gradle\7.0.2\fileHashes)" [_thread_blocked, id=127772, stack(0x000000ee4a900000,0x000000ee4aa00000)]
  0x00000294ac5c4800 JavaThread "Cache worker for checksums cache (C:\Users\Theod\AndroidStudioProjects\CareAction\.gradle\checksums)" [_thread_blocked, id=125096, stack(0x000000ee4ab00000,0x000000ee4ac00000)]
  0x00000294ac5cd800 JavaThread "Cache worker for cache directory md-supplier (C:\Users\Theod\.gradle\caches\7.0.2\md-supplier)" [_thread_blocked, id=125712, stack(0x000000ee4b000000,0x000000ee4b100000)]
  0x00000294ac5cc800 JavaThread "Cache worker for cache directory md-rule (C:\Users\Theod\.gradle\caches\7.0.2\md-rule)" [_thread_blocked, id=123688, stack(0x000000ee4b300000,0x000000ee4b400000)]
  0x00000294ac5cb800 JavaThread "Cache worker for dependencies-accessors (C:\Users\Theod\AndroidStudioProjects\CareAction\.gradle\7.0.2\dependencies-accessors)" [_thread_blocked, id=127556, stack(0x000000ee4b400000,0x000000ee4b500000)]
  0x00000294ac5cb000 JavaThread "Cache worker for Build Output Cleanup Cache (C:\Users\Theod\AndroidStudioProjects\CareAction\.gradle\buildOutputCleanup)" [_thread_blocked, id=123120, stack(0x000000ee4b500000,0x000000ee4b600000)]
  0x00000294ac5ce000 JavaThread "Build operations" [_thread_blocked, id=124488, stack(0x000000ee4ba00000,0x000000ee4bb00000)]
  0x00000294ac5cf000 JavaThread "Build operations Thread 2" [_thread_blocked, id=127852, stack(0x000000ee4bb00000,0x000000ee4bc00000)]
  0x00000294ac5c9000 JavaThread "Build operations Thread 3" [_thread_blocked, id=124592, stack(0x000000ee4bd00000,0x000000ee4be00000)]
  0x00000294ac5d0800 JavaThread "Build operations Thread 4" [_thread_blocked, id=126752, stack(0x000000ee4be00000,0x000000ee4bf00000)]
  0x00000294ac5d1800 JavaThread "build event listener" [_thread_blocked, id=115576, stack(0x000000ee4bf00000,0x000000ee4c000000)]
  0x00000294ac5d3000 JavaThread "build event listener" [_thread_blocked, id=126068, stack(0x000000ee4c000000,0x000000ee4c100000)]
  0x00000294acb63000 JavaThread "Execution worker for ':'" [_thread_blocked, id=21852, stack(0x000000ee4c200000,0x000000ee4c300000)]
  0x00000294acb5f000 JavaThread "Execution worker for ':' Thread 2" [_thread_blocked, id=124200, stack(0x000000ee4c400000,0x000000ee4c500000)]
  0x00000294acb60000 JavaThread "Execution worker for ':' Thread 3" [_thread_blocked, id=86632, stack(0x000000ee4c500000,0x000000ee4c600000)]
  0x00000294acb64000 JavaThread "Cache worker for execution history cache (C:\Users\Theod\AndroidStudioProjects\CareAction\.gradle\7.0.2\executionHistory)" [_thread_blocked, id=124316, stack(0x000000ee4c600000,0x000000ee4c700000)]
  0x00000294acb60800 JavaThread "C2 CompilerThread1" daemon [_thread_blocked, id=127612, stack(0x000000ee4c700000,0x000000ee4c800000)]
  0x00000294acb61800 JavaThread "WorkerExecutor Queue" [_thread_blocked, id=125708, stack(0x000000ee4c800000,0x000000ee4c900000)]

Other Threads:
  0x00000294a4a7a800 VMThread "VM Thread" [stack: 0x000000ee49400000,0x000000ee49500000] [id=116924]
  0x00000294a5494000 WatcherThread [stack: 0x000000ee49e00000,0x000000ee49f00000] [id=120036]
  0x000002948aea7000 GCTaskThread "GC Thread#0" [stack: 0x000000ee48f00000,0x000000ee49000000] [id=118096]
  0x00000294a585f000 GCTaskThread "GC Thread#1" [stack: 0x000000ee4a000000,0x000000ee4a100000] [id=5832]
  0x00000294a585f800 GCTaskThread "GC Thread#2" [stack: 0x000000ee4a100000,0x000000ee4a200000] [id=114976]
  0x00000294a5e5d000 GCTaskThread "GC Thread#3" [stack: 0x000000ee4a200000,0x000000ee4a300000] [id=120548]
  0x000002948aed7800 ConcurrentGCThread "G1 Main Marker" [stack: 0x000000ee49000000,0x000000ee49100000] [id=118068]
=>0x000002948aeda000 ConcurrentGCThread "G1 Conc#0" [stack: 0x000000ee49100000,0x000000ee49200000] [id=5760]
  0x00000294a48fe800 ConcurrentGCThread "G1 Refine#0" [stack: 0x000000ee49200000,0x000000ee49300000] [id=108644]
  0x00000294a7770000 ConcurrentGCThread "G1 Refine#1" [stack: 0x000000ee4bc00000,0x000000ee4bd00000] [id=120680]
  0x00000294a48ff800 ConcurrentGCThread "G1 Young RemSet Sampling" [stack: 0x000000ee49300000,0x000000ee49400000] [id=60928]

Threads with active compile tasks:

VM state:not at safepoint (normal execution)

VM Mutex/Monitor currently owned by a thread: None

Heap address: 0x0000000080000000, size: 2048 MB, Compressed Oops mode: 32-bit
Narrow klass base: 0x0000000000000000, Narrow klass shift: 3
Compressed class space size: 1073741824 Address: 0x0000000100000000

Heap:
 garbage-first heap   total 328704K, used 196908K [0x0000000080000000, 0x0000000100000000)
  region size 1024K, 37 young (37888K), 5 survivors (5120K)
 Metaspace       used 149325K, capacity 154878K, committed 167552K, reserved 1196032K
  class space    used 17792K, capacity 19730K, committed 21632K, reserved 1048576K
Heap Regions: E=young(eden), S=young(survivor), O=old, HS=humongous(starts), HC=humongous(continues), CS=collection set, F=free, A=archive, TAMS=top-at-mark-start (previous, next)
|   0|0x0000000080000000, 0x0000000080100000, 0x0000000080100000|100%| O|  |TAMS 0x0000000080100000, 0x0000000080100000| Untracked 
|   1|0x0000000080100000, 0x0000000080200000, 0x0000000080200000|100%| O|  |TAMS 0x0000000080200000, 0x0000000080200000| Untracked 
|   2|0x0000000080200000, 0x0000000080300000, 0x0000000080300000|100%| O|  |TAMS 0x0000000080300000, 0x0000000080300000| Untracked 
|   3|0x0000000080300000, 0x0000000080400000, 0x0000000080400000|100%|HS|  |TAMS 0x0000000080400000, 0x0000000080400000| Complete 
|   4|0x0000000080400000, 0x0000000080500000, 0x0000000080500000|100%|HC|  |TAMS 0x0000000080500000, 0x0000000080500000| Complete 
|   5|0x0000000080500000, 0x0000000080600000, 0x0000000080600000|100%|HC|  |TAMS 0x0000000080600000, 0x0000000080600000| Complete 
|   6|0x0000000080600000, 0x0000000080700000, 0x0000000080700000|100%| O|  |TAMS 0x0000000080700000, 0x0000000080700000| Untracked 
|   7|0x0000000080700000, 0x0000000080800000, 0x0000000080800000|100%| O|  |TAMS 0x0000000080800000, 0x0000000080800000| Untracked 
|   8|0x0000000080800000, 0x0000000080900000, 0x0000000080900000|100%| O|  |TAMS 0x0000000080900000, 0x0000000080900000| Untracked 
|   9|0x0000000080900000, 0x0000000080a00000, 0x0000000080a00000|100%| O|  |TAMS 0x0000000080a00000, 0x0000000080a00000| Untracked 
|  10|0x0000000080a00000, 0x0000000080b00000, 0x0000000080b00000|100%| O|  |TAMS 0x0000000080b00000, 0x0000000080b00000| Untracked 
|  11|0x0000000080b00000, 0x0000000080c00000, 0x0000000080c00000|100%| O|  |TAMS 0x0000000080c00000, 0x0000000080c00000| Untracked 
|  12|0x0000000080c00000, 0x0000000080d00000, 0x0000000080d00000|100%| O|  |TAMS 0x0000000080d00000, 0x0000000080d00000| Untracked 
|  13|0x0000000080d00000, 0x0000000080e00000, 0x0000000080e00000|100%|HS|  |TAMS 0x0000000080e00000, 0x0000000080e00000| Complete 
|  14|0x0000000080e00000, 0x0000000080f00000, 0x0000000080f00000|100%|HS|  |TAMS 0x0000000080f00000, 0x0000000080f00000| Complete 
|  15|0x0000000080f00000, 0x0000000081000000, 0x0000000081000000|100%|HS|  |TAMS 0x0000000081000000, 0x0000000081000000| Complete 
|  16|0x0000000081000000, 0x0000000081100000, 0x0000000081100000|100%| O|  |TAMS 0x0000000081100000, 0x0000000081100000| Untracked 
|  17|0x0000000081100000, 0x0000000081200000, 0x0000000081200000|100%| O|  |TAMS 0x0000000081200000, 0x0000000081200000| Untracked 
|  18|0x0000000081200000, 0x0000000081300000, 0x0000000081300000|100%| O|  |TAMS 0x0000000081300000, 0x0000000081300000| Untracked 
|  19|0x0000000081300000, 0x0000000081400000, 0x0000000081400000|100%| O|  |TAMS 0x0000000081400000, 0x0000000081400000| Untracked 
|  20|0x0000000081400000, 0x0000000081500000, 0x0000000081500000|100%| O|  |TAMS 0x0000000081500000, 0x0000000081500000| Untracked 
|  21|0x0000000081500000, 0x0000000081600000, 0x0000000081600000|100%|HS|  |TAMS 0x0000000081600000, 0x0000000081600000| Complete 
|  22|0x0000000081600000, 0x0000000081700000, 0x0000000081700000|100%|HC|  |TAMS 0x0000000081700000, 0x0000000081700000| Complete 
|  23|0x0000000081700000, 0x0000000081800000, 0x0000000081800000|100%|HC|  |TAMS 0x0000000081800000, 0x0000000081800000| Complete 
|  24|0x0000000081800000, 0x0000000081900000, 0x0000000081900000|100%|HS|  |TAMS 0x0000000081900000, 0x0000000081900000| Complete 
|  25|0x0000000081900000, 0x0000000081a00000, 0x0000000081a00000|100%|HC|  |TAMS 0x0000000081a00000, 0x0000000081a00000| Complete 
|  26|0x0000000081a00000, 0x0000000081b00000, 0x0000000081b00000|100%| O|  |TAMS 0x0000000081b00000, 0x0000000081b00000| Untracked 
|  27|0x0000000081b00000, 0x0000000081c00000, 0x0000000081c00000|100%| O|  |TAMS 0x0000000081c00000, 0x0000000081c00000| Untracked 
|  28|0x0000000081c00000, 0x0000000081d00000, 0x0000000081d00000|100%| O|  |TAMS 0x0000000081d00000, 0x0000000081d00000| Untracked 
|  29|0x0000000081d00000, 0x0000000081e00000, 0x0000000081e00000|100%|HS|  |TAMS 0x0000000081e00000, 0x0000000081e00000| Complete 
|  30|0x0000000081e00000, 0x0000000081f00000, 0x0000000081f00000|100%| O|  |TAMS 0x0000000081f00000, 0x0000000081f00000| Untracked 
|  31|0x0000000081f00000, 0x0000000082000000, 0x0000000082000000|100%| O|  |TAMS 0x0000000082000000, 0x0000000082000000| Untracked 
|  32|0x0000000082000000, 0x0000000082100000, 0x0000000082100000|100%| O|  |TAMS 0x0000000082100000, 0x0000000082100000| Untracked 
|  33|0x0000000082100000, 0x0000000082200000, 0x0000000082200000|100%| O|  |TAMS 0x0000000082200000, 0x0000000082200000| Untracked 
|  34|0x0000000082200000, 0x0000000082300000, 0x0000000082300000|100%| O|  |TAMS 0x0000000082300000, 0x0000000082300000| Untracked 
|  35|0x0000000082300000, 0x0000000082400000, 0x0000000082400000|100%| O|  |TAMS 0x0000000082400000, 0x0000000082400000| Untracked 
|  36|0x0000000082400000, 0x0000000082500000, 0x0000000082500000|100%| O|  |TAMS 0x0000000082500000, 0x0000000082500000| Untracked 
|  37|0x0000000082500000, 0x0000000082600000, 0x0000000082600000|100%| O|  |TAMS 0x0000000082600000, 0x0000000082600000| Untracked 
|  38|0x0000000082600000, 0x0000000082700000, 0x0000000082700000|100%| O|  |TAMS 0x0000000082700000, 0x0000000082700000| Untracked 
|  39|0x0000000082700000, 0x0000000082800000, 0x0000000082800000|100%| O|  |TAMS 0x0000000082800000, 0x0000000082800000| Untracked 
|  40|0x0000000082800000, 0x0000000082900000, 0x0000000082900000|100%| O|  |TAMS 0x0000000082900000, 0x0000000082900000| Untracked 
|  41|0x0000000082900000, 0x0000000082a00000, 0x0000000082a00000|100%| O|  |TAMS 0x0000000082a00000, 0x0000000082a00000| Untracked 
|  42|0x0000000082a00000, 0x0000000082b00000, 0x0000000082b00000|100%| O|  |TAMS 0x0000000082b00000, 0x0000000082b00000| Untracked 
|  43|0x0000000082b00000, 0x0000000082c00000, 0x0000000082c00000|100%| O|  |TAMS 0x0000000082c00000, 0x0000000082c00000| Untracked 
|  44|0x0000000082c00000, 0x0000000082d00000, 0x0000000082d00000|100%| O|  |TAMS 0x0000000082d00000, 0x0000000082d00000| Untracked 
|  45|0x0000000082d00000, 0x0000000082e00000, 0x0000000082e00000|100%| O|  |TAMS 0x0000000082e00000, 0x0000000082e00000| Untracked 
|  46|0x0000000082e00000, 0x0000000082f00000, 0x0000000082f00000|100%| O|  |TAMS 0x0000000082f00000, 0x0000000082f00000| Untracked 
|  47|0x0000000082f00000, 0x0000000083000000, 0x0000000083000000|100%| O|  |TAMS 0x0000000082f00000, 0x0000000083000000| Untracked 
|  48|0x0000000083000000, 0x0000000083100000, 0x0000000083100000|100%| O|  |TAMS 0x0000000083000000, 0x0000000083100000| Untracked 
|  49|0x0000000083100000, 0x0000000083200000, 0x0000000083200000|100%| O|  |TAMS 0x0000000083200000, 0x0000000083200000| Untracked 
|  50|0x0000000083200000, 0x0000000083300000, 0x0000000083300000|100%| O|  |TAMS 0x0000000083300000, 0x0000000083300000| Untracked 
|  51|0x0000000083300000, 0x0000000083400000, 0x0000000083400000|100%| O|  |TAMS 0x0000000083300000, 0x0000000083400000| Untracked 
|  52|0x0000000083400000, 0x0000000083500000, 0x0000000083500000|100%| O|  |TAMS 0x0000000083500000, 0x0000000083500000| Untracked 
|  53|0x0000000083500000, 0x0000000083600000, 0x0000000083600000|100%| O|  |TAMS 0x0000000083500000, 0x0000000083600000| Untracked 
|  54|0x0000000083600000, 0x0000000083650e00, 0x0000000083700000| 31%| O|  |TAMS 0x0000000083600000, 0x0000000083650e00| Untracked 
|  55|0x0000000083700000, 0x0000000083800000, 0x0000000083800000|100%|HS|  |TAMS 0x0000000083700000, 0x0000000083700000| Complete 
|  56|0x0000000083800000, 0x0000000083900000, 0x0000000083900000|100%| O|  |TAMS 0x0000000083900000, 0x0000000083900000| Untracked 
|  57|0x0000000083900000, 0x0000000083a00000, 0x0000000083a00000|100%| O|  |TAMS 0x0000000083a00000, 0x0000000083a00000| Untracked 
|  58|0x0000000083a00000, 0x0000000083b00000, 0x0000000083b00000|100%| O|  |TAMS 0x0000000083b00000, 0x0000000083b00000| Untracked 
|  59|0x0000000083b00000, 0x0000000083c00000, 0x0000000083c00000|100%| O|  |TAMS 0x0000000083c00000, 0x0000000083c00000| Untracked 
|  60|0x0000000083c00000, 0x0000000083d00000, 0x0000000083d00000|100%| O|  |TAMS 0x0000000083d00000, 0x0000000083d00000| Untracked 
|  61|0x0000000083d00000, 0x0000000083e00000, 0x0000000083e00000|100%| O|  |TAMS 0x0000000083e00000, 0x0000000083e00000| Untracked 
|  62|0x0000000083e00000, 0x0000000083e00000, 0x0000000083f00000|  0%| F|  |TAMS 0x0000000083e00000, 0x0000000083e00000| Untracked 
|  63|0x0000000083f00000, 0x0000000084000000, 0x0000000084000000|100%| O|  |TAMS 0x0000000084000000, 0x0000000084000000| Untracked 
|  64|0x0000000084000000, 0x0000000084100000, 0x0000000084100000|100%|HS|  |TAMS 0x0000000084000000, 0x0000000084100000| Complete 
|  65|0x0000000084100000, 0x0000000084200000, 0x0000000084200000|100%| O|  |TAMS 0x0000000084200000, 0x0000000084200000| Untracked 
|  66|0x0000000084200000, 0x0000000084300000, 0x0000000084300000|100%| O|  |TAMS 0x0000000084300000, 0x0000000084300000| Untracked 
|  67|0x0000000084300000, 0x0000000084400000, 0x0000000084400000|100%| O|  |TAMS 0x0000000084400000, 0x0000000084400000| Untracked 
|  68|0x0000000084400000, 0x0000000084500000, 0x0000000084500000|100%| O|  |TAMS 0x0000000084500000, 0x0000000084500000| Untracked 
|  69|0x0000000084500000, 0x0000000084600000, 0x0000000084600000|100%| O|  |TAMS 0x0000000084600000, 0x0000000084600000| Untracked 
|  70|0x0000000084600000, 0x0000000084700000, 0x0000000084700000|100%| O|  |TAMS 0x0000000084700000, 0x0000000084700000| Untracked 
|  71|0x0000000084700000, 0x0000000084800000, 0x0000000084800000|100%| O|  |TAMS 0x0000000084800000, 0x0000000084800000| Untracked 
|  72|0x0000000084800000, 0x0000000084900000, 0x0000000084900000|100%| O|  |TAMS 0x0000000084900000, 0x0000000084900000| Untracked 
|  73|0x0000000084900000, 0x0000000084a00000, 0x0000000084a00000|100%| O|  |TAMS 0x0000000084a00000, 0x0000000084a00000| Untracked 
|  74|0x0000000084a00000, 0x0000000084b00000, 0x0000000084b00000|100%| O|  |TAMS 0x0000000084b00000, 0x0000000084b00000| Untracked 
|  75|0x0000000084b00000, 0x0000000084c00000, 0x0000000084c00000|100%| O|  |TAMS 0x0000000084c00000, 0x0000000084c00000| Untracked 
|  76|0x0000000084c00000, 0x0000000084d00000, 0x0000000084d00000|100%| O|  |TAMS 0x0000000084d00000, 0x0000000084d00000| Untracked 
|  77|0x0000000084d00000, 0x0000000084e00000, 0x0000000084e00000|100%| O|  |TAMS 0x0000000084e00000, 0x0000000084e00000| Untracked 
|  78|0x0000000084e00000, 0x0000000084f00000, 0x0000000084f00000|100%| O|  |TAMS 0x0000000084f00000, 0x0000000084f00000| Untracked 
|  79|0x0000000084f00000, 0x0000000085000000, 0x0000000085000000|100%| O|  |TAMS 0x0000000085000000, 0x0000000085000000| Untracked 
|  80|0x0000000085000000, 0x0000000085100000, 0x0000000085100000|100%| O|  |TAMS 0x0000000085100000, 0x0000000085100000| Untracked 
|  81|0x0000000085100000, 0x0000000085200000, 0x0000000085200000|100%| O|  |TAMS 0x0000000085200000, 0x0000000085200000| Untracked 
|  82|0x0000000085200000, 0x0000000085300000, 0x0000000085300000|100%| O|  |TAMS 0x0000000085300000, 0x0000000085300000| Untracked 
|  83|0x0000000085300000, 0x0000000085400000, 0x0000000085400000|100%| O|  |TAMS 0x0000000085400000, 0x0000000085400000| Untracked 
|  84|0x0000000085400000, 0x0000000085500000, 0x0000000085500000|100%| O|  |TAMS 0x0000000085500000, 0x0000000085500000| Untracked 
|  85|0x0000000085500000, 0x0000000085600000, 0x0000000085600000|100%|HS|  |TAMS 0x0000000085500000, 0x0000000085500000| Complete 
|  86|0x0000000085600000, 0x0000000085700000, 0x0000000085700000|100%|HC|  |TAMS 0x0000000085600000, 0x0000000085600000| Complete 
|  87|0x0000000085700000, 0x0000000085700000, 0x0000000085800000|  0%| F|  |TAMS 0x0000000085700000, 0x0000000085700000| Untracked 
|  88|0x0000000085800000, 0x0000000085900000, 0x0000000085900000|100%| O|  |TAMS 0x0000000085900000, 0x0000000085900000| Untracked 
|  89|0x0000000085900000, 0x0000000085a00000, 0x0000000085a00000|100%|HS|  |TAMS 0x0000000085900000, 0x0000000085900000| Complete 
|  90|0x0000000085a00000, 0x0000000085b00000, 0x0000000085b00000|100%|HC|  |TAMS 0x0000000085a00000, 0x0000000085a00000| Complete 
|  91|0x0000000085b00000, 0x0000000085b00000, 0x0000000085c00000|  0%| F|  |TAMS 0x0000000085b00000, 0x0000000085b00000| Untracked 
|  92|0x0000000085c00000, 0x0000000085d00000, 0x0000000085d00000|100%| O|  |TAMS 0x0000000085d00000, 0x0000000085d00000| Untracked 
|  93|0x0000000085d00000, 0x0000000085e00000, 0x0000000085e00000|100%| O|  |TAMS 0x0000000085e00000, 0x0000000085e00000| Untracked 
|  94|0x0000000085e00000, 0x0000000085f00000, 0x0000000085f00000|100%| O|  |TAMS 0x0000000085f00000, 0x0000000085f00000| Untracked 
|  95|0x0000000085f00000, 0x0000000085f00000, 0x0000000086000000|  0%| F|  |TAMS 0x0000000085f00000, 0x0000000085f00000| Untracked 
|  96|0x0000000086000000, 0x0000000086100000, 0x0000000086100000|100%| O|  |TAMS 0x0000000086100000, 0x0000000086100000| Untracked 
|  97|0x0000000086100000, 0x0000000086200000, 0x0000000086200000|100%| O|  |TAMS 0x0000000086200000, 0x0000000086200000| Untracked 
|  98|0x0000000086200000, 0x0000000086300000, 0x0000000086300000|100%| O|  |TAMS 0x0000000086300000, 0x0000000086300000| Untracked 
|  99|0x0000000086300000, 0x0000000086400000, 0x0000000086400000|100%| O|  |TAMS 0x0000000086400000, 0x0000000086400000| Untracked 
| 100|0x0000000086400000, 0x0000000086500000, 0x0000000086500000|100%| O|  |TAMS 0x0000000086500000, 0x0000000086500000| Untracked 
| 101|0x0000000086500000, 0x0000000086600000, 0x0000000086600000|100%| O|  |TAMS 0x0000000086600000, 0x0000000086600000| Untracked 
| 102|0x0000000086600000, 0x0000000086700000, 0x0000000086700000|100%| O|  |TAMS 0x0000000086700000, 0x0000000086700000| Untracked 
| 103|0x0000000086700000, 0x0000000086800000, 0x0000000086800000|100%| O|  |TAMS 0x0000000086800000, 0x0000000086800000| Untracked 
| 104|0x0000000086800000, 0x0000000086900000, 0x0000000086900000|100%| O|  |TAMS 0x0000000086900000, 0x0000000086900000| Untracked 
| 105|0x0000000086900000, 0x0000000086a00000, 0x0000000086a00000|100%|HS|  |TAMS 0x0000000086900000, 0x0000000086900000| Complete 
| 106|0x0000000086a00000, 0x0000000086b00000, 0x0000000086b00000|100%|HC|  |TAMS 0x0000000086a00000, 0x0000000086a00000| Complete 
| 107|0x0000000086b00000, 0x0000000086c00000, 0x0000000086c00000|100%|HC|  |TAMS 0x0000000086b00000, 0x0000000086b00000| Complete 
| 108|0x0000000086c00000, 0x0000000086d00000, 0x0000000086d00000|100%|HC|  |TAMS 0x0000000086c00000, 0x0000000086c00000| Complete 
| 109|0x0000000086d00000, 0x0000000086e00000, 0x0000000086e00000|100%| O|  |TAMS 0x0000000086e00000, 0x0000000086e00000| Untracked 
| 110|0x0000000086e00000, 0x0000000086f00000, 0x0000000086f00000|100%|HS|  |TAMS 0x0000000086e00000, 0x0000000086e00000| Complete 
| 111|0x0000000086f00000, 0x0000000087000000, 0x0000000087000000|100%|HC|  |TAMS 0x0000000086f00000, 0x0000000086f00000| Complete 
| 112|0x0000000087000000, 0x0000000087100000, 0x0000000087100000|100%| O|  |TAMS 0x0000000087100000, 0x0000000087100000| Untracked 
| 113|0x0000000087100000, 0x0000000087200000, 0x0000000087200000|100%| O|  |TAMS 0x0000000087200000, 0x0000000087200000| Untracked 
| 114|0x0000000087200000, 0x0000000087200000, 0x0000000087300000|  0%| F|  |TAMS 0x0000000087200000, 0x0000000087200000| Untracked 
| 115|0x0000000087300000, 0x0000000087400000, 0x0000000087400000|100%| O|  |TAMS 0x0000000087400000, 0x0000000087400000| Untracked 
| 116|0x0000000087400000, 0x0000000087500000, 0x0000000087500000|100%|HS|  |TAMS 0x0000000087500000, 0x0000000087500000| Complete 
| 117|0x0000000087500000, 0x0000000087600000, 0x0000000087600000|100%|HC|  |TAMS 0x0000000087600000, 0x0000000087600000| Complete 
| 118|0x0000000087600000, 0x0000000087700000, 0x0000000087700000|100%|HC|  |TAMS 0x0000000087700000, 0x0000000087700000| Complete 
| 119|0x0000000087700000, 0x0000000087800000, 0x0000000087800000|100%| O|  |TAMS 0x0000000087800000, 0x0000000087800000| Untracked 
| 120|0x0000000087800000, 0x0000000087800000, 0x0000000087900000|  0%| F|  |TAMS 0x0000000087800000, 0x0000000087800000| Untracked 
| 121|0x0000000087900000, 0x0000000087900000, 0x0000000087a00000|  0%| F|  |TAMS 0x0000000087900000, 0x0000000087900000| Untracked 
| 122|0x0000000087a00000, 0x0000000087b00000, 0x0000000087b00000|100%| O|  |TAMS 0x0000000087b00000, 0x0000000087b00000| Untracked 
| 123|0x0000000087b00000, 0x0000000087c00000, 0x0000000087c00000|100%| O|  |TAMS 0x0000000087c00000, 0x0000000087c00000| Untracked 
| 124|0x0000000087c00000, 0x0000000087d00000, 0x0000000087d00000|100%| O|  |TAMS 0x0000000087d00000, 0x0000000087d00000| Untracked 
| 125|0x0000000087d00000, 0x0000000087e00000, 0x0000000087e00000|100%| O|  |TAMS 0x0000000087e00000, 0x0000000087e00000| Untracked 
| 126|0x0000000087e00000, 0x0000000087f00000, 0x0000000087f00000|100%| O|  |TAMS 0x0000000087f00000, 0x0000000087f00000| Untracked 
| 127|0x0000000087f00000, 0x0000000088000000, 0x0000000088000000|100%| O|  |TAMS 0x0000000088000000, 0x0000000088000000| Untracked 
| 128|0x0000000088000000, 0x0000000088100000, 0x0000000088100000|100%| O|  |TAMS 0x0000000088100000, 0x0000000088100000| Untracked 
| 129|0x0000000088100000, 0x0000000088100000, 0x0000000088200000|  0%| F|  |TAMS 0x0000000088100000, 0x0000000088100000| Untracked 
| 130|0x0000000088200000, 0x0000000088300000, 0x0000000088300000|100%| O|  |TAMS 0x0000000088300000, 0x0000000088300000| Untracked 
| 131|0x0000000088300000, 0x0000000088400000, 0x0000000088400000|100%| O|  |TAMS 0x0000000088400000, 0x0000000088400000| Untracked 
| 132|0x0000000088400000, 0x0000000088500000, 0x0000000088500000|100%| O|  |TAMS 0x0000000088500000, 0x0000000088500000| Untracked 
| 133|0x0000000088500000, 0x0000000088600000, 0x0000000088600000|100%| O|  |TAMS 0x0000000088600000, 0x0000000088600000| Untracked 
| 134|0x0000000088600000, 0x0000000088700000, 0x0000000088700000|100%| O|  |TAMS 0x0000000088700000, 0x0000000088700000| Untracked 
| 135|0x0000000088700000, 0x0000000088800000, 0x0000000088800000|100%| O|  |TAMS 0x0000000088800000, 0x0000000088800000| Untracked 
| 136|0x0000000088800000, 0x0000000088800000, 0x0000000088900000|  0%| F|  |TAMS 0x0000000088800000, 0x0000000088800000| Untracked 
| 137|0x0000000088900000, 0x0000000088a00000, 0x0000000088a00000|100%| O|  |TAMS 0x0000000088a00000, 0x0000000088a00000| Untracked 
| 138|0x0000000088a00000, 0x0000000088b00000, 0x0000000088b00000|100%| O|  |TAMS 0x0000000088b00000, 0x0000000088b00000| Untracked 
| 139|0x0000000088b00000, 0x0000000088c00000, 0x0000000088c00000|100%| O|  |TAMS 0x0000000088c00000, 0x0000000088c00000| Untracked 
| 140|0x0000000088c00000, 0x0000000088d00000, 0x0000000088d00000|100%| O|  |TAMS 0x0000000088d00000, 0x0000000088d00000| Untracked 
| 141|0x0000000088d00000, 0x0000000088e00000, 0x0000000088e00000|100%| O|  |TAMS 0x0000000088e00000, 0x0000000088e00000| Untracked 
| 142|0x0000000088e00000, 0x0000000088f00000, 0x0000000088f00000|100%| O|  |TAMS 0x0000000088f00000, 0x0000000088f00000| Untracked 
| 143|0x0000000088f00000, 0x0000000089000000, 0x0000000089000000|100%| O|  |TAMS 0x0000000089000000, 0x0000000089000000| Untracked 
| 144|0x0000000089000000, 0x0000000089100000, 0x0000000089100000|100%| O|  |TAMS 0x0000000089100000, 0x0000000089100000| Untracked 
| 145|0x0000000089100000, 0x0000000089200000, 0x0000000089200000|100%| O|  |TAMS 0x00000000891e0e00, 0x0000000089200000| Untracked 
| 146|0x0000000089200000, 0x0000000089300000, 0x0000000089300000|100%| O|  |TAMS 0x0000000089300000, 0x0000000089300000| Untracked 
| 147|0x0000000089300000, 0x0000000089400000, 0x0000000089400000|100%| O|  |TAMS 0x0000000089300000, 0x0000000089400000| Untracked 
| 148|0x0000000089400000, 0x0000000089500000, 0x0000000089500000|100%| O|  |TAMS 0x0000000089500000, 0x0000000089500000| Untracked 
| 149|0x0000000089500000, 0x0000000089600000, 0x0000000089600000|100%| O|  |TAMS 0x0000000089600000, 0x0000000089600000| Untracked 
| 150|0x0000000089600000, 0x0000000089700000, 0x0000000089700000|100%| O|  |TAMS 0x0000000089600000, 0x0000000089700000| Untracked 
| 151|0x0000000089700000, 0x0000000089800000, 0x0000000089800000|100%| O|  |TAMS 0x0000000089800000, 0x0000000089800000| Untracked 
| 152|0x0000000089800000, 0x0000000089900000, 0x0000000089900000|100%| O|  |TAMS 0x0000000089900000, 0x0000000089900000| Untracked 
| 153|0x0000000089900000, 0x0000000089900000, 0x0000000089a00000|  0%| F|  |TAMS 0x0000000089900000, 0x0000000089900000| Untracked 
| 154|0x0000000089a00000, 0x0000000089b00000, 0x0000000089b00000|100%| O|  |TAMS 0x0000000089b00000, 0x0000000089b00000| Untracked 
| 155|0x0000000089b00000, 0x0000000089b00000, 0x0000000089c00000|  0%| F|  |TAMS 0x0000000089b00000, 0x0000000089b00000| Untracked 
| 156|0x0000000089c00000, 0x0000000089d00000, 0x0000000089d00000|100%| O|  |TAMS 0x0000000089d00000, 0x0000000089d00000| Untracked 
| 157|0x0000000089d00000, 0x0000000089e00000, 0x0000000089e00000|100%|HS|  |TAMS 0x0000000089d00000, 0x0000000089d00000| Complete 
| 158|0x0000000089e00000, 0x0000000089f00000, 0x0000000089f00000|100%|HC|  |TAMS 0x0000000089e00000, 0x0000000089e00000| Complete 
| 159|0x0000000089f00000, 0x000000008a000000, 0x000000008a000000|100%|HC|  |TAMS 0x0000000089f00000, 0x0000000089f00000| Complete 
| 160|0x000000008a000000, 0x000000008a100000, 0x000000008a100000|100%| O|  |TAMS 0x000000008a100000, 0x000000008a100000| Untracked 
| 161|0x000000008a100000, 0x000000008a200000, 0x000000008a200000|100%| O|  |TAMS 0x000000008a200000, 0x000000008a200000| Untracked 
| 162|0x000000008a200000, 0x000000008a200000, 0x000000008a300000|  0%| F|  |TAMS 0x000000008a200000, 0x000000008a200000| Untracked 
| 163|0x000000008a300000, 0x000000008a300000, 0x000000008a400000|  0%| F|  |TAMS 0x000000008a300000, 0x000000008a300000| Untracked 
| 164|0x000000008a400000, 0x000000008a500000, 0x000000008a500000|100%| O|  |TAMS 0x000000008a500000, 0x000000008a500000| Untracked 
| 165|0x000000008a500000, 0x000000008a600000, 0x000000008a600000|100%| O|  |TAMS 0x000000008a600000, 0x000000008a600000| Untracked 
| 166|0x000000008a600000, 0x000000008a600000, 0x000000008a700000|  0%| F|  |TAMS 0x000000008a600000, 0x000000008a600000| Untracked 
| 167|0x000000008a700000, 0x000000008a800000, 0x000000008a800000|100%| O|  |TAMS 0x000000008a800000, 0x000000008a800000| Untracked 
| 168|0x000000008a800000, 0x000000008a900000, 0x000000008a900000|100%|HS|  |TAMS 0x000000008a800000, 0x000000008a800000| Complete 
| 169|0x000000008a900000, 0x000000008aa00000, 0x000000008aa00000|100%|HC|  |TAMS 0x000000008a900000, 0x000000008a900000| Complete 
| 170|0x000000008aa00000, 0x000000008ab00000, 0x000000008ab00000|100%|HC|  |TAMS 0x000000008aa00000, 0x000000008aa00000| Complete 
| 171|0x000000008ab00000, 0x000000008ab00000, 0x000000008ac00000|  0%| F|  |TAMS 0x000000008ab00000, 0x000000008ab00000| Untracked 
| 172|0x000000008ac00000, 0x000000008ac00000, 0x000000008ad00000|  0%| F|  |TAMS 0x000000008ac00000, 0x000000008ac00000| Untracked 
| 173|0x000000008ad00000, 0x000000008ad00000, 0x000000008ae00000|  0%| F|  |TAMS 0x000000008ad00000, 0x000000008ad00000| Untracked 
| 174|0x000000008ae00000, 0x000000008ae00000, 0x000000008af00000|  0%| F|  |TAMS 0x000000008ae00000, 0x000000008ae00000| Untracked 
| 175|0x000000008af00000, 0x000000008af00000, 0x000000008b000000|  0%| F|  |TAMS 0x000000008af00000, 0x000000008af00000| Untracked 
| 176|0x000000008b000000, 0x000000008b000000, 0x000000008b100000|  0%| F|  |TAMS 0x000000008b000000, 0x000000008b000000| Untracked 
| 177|0x000000008b100000, 0x000000008b100000, 0x000000008b200000|  0%| F|  |TAMS 0x000000008b100000, 0x000000008b100000| Untracked 
| 178|0x000000008b200000, 0x000000008b200000, 0x000000008b300000|  0%| F|  |TAMS 0x000000008b200000, 0x000000008b200000| Untracked 
| 179|0x000000008b300000, 0x000000008b300000, 0x000000008b400000|  0%| F|  |TAMS 0x000000008b300000, 0x000000008b300000| Untracked 
| 180|0x000000008b400000, 0x000000008b400000, 0x000000008b500000|  0%| F|  |TAMS 0x000000008b400000, 0x000000008b400000| Untracked 
| 181|0x000000008b500000, 0x000000008b500000, 0x000000008b600000|  0%| F|  |TAMS 0x000000008b500000, 0x000000008b500000| Untracked 
| 182|0x000000008b600000, 0x000000008b600000, 0x000000008b700000|  0%| F|  |TAMS 0x000000008b600000, 0x000000008b600000| Untracked 
| 183|0x000000008b700000, 0x000000008b700000, 0x000000008b800000|  0%| F|  |TAMS 0x000000008b700000, 0x000000008b700000| Untracked 
| 184|0x000000008b800000, 0x000000008b800000, 0x000000008b900000|  0%| F|  |TAMS 0x000000008b800000, 0x000000008b800000| Untracked 
| 185|0x000000008b900000, 0x000000008b900000, 0x000000008ba00000|  0%| F|  |TAMS 0x000000008b900000, 0x000000008b900000| Untracked 
| 186|0x000000008ba00000, 0x000000008ba00000, 0x000000008bb00000|  0%| F|  |TAMS 0x000000008ba00000, 0x000000008ba00000| Untracked 
| 187|0x000000008bb00000, 0x000000008bb00000, 0x000000008bc00000|  0%| F|  |TAMS 0x000000008bb00000, 0x000000008bb00000| Untracked 
| 188|0x000000008bc00000, 0x000000008bc00000, 0x000000008bd00000|  0%| F|  |TAMS 0x000000008bc00000, 0x000000008bc00000| Untracked 
| 189|0x000000008bd00000, 0x000000008bd00000, 0x000000008be00000|  0%| F|  |TAMS 0x000000008bd00000, 0x000000008bd00000| Untracked 
| 190|0x000000008be00000, 0x000000008be00000, 0x000000008bf00000|  0%| F|  |TAMS 0x000000008be00000, 0x000000008be00000| Untracked 
| 191|0x000000008bf00000, 0x000000008bf00000, 0x000000008c000000|  0%| F|  |TAMS 0x000000008bf00000, 0x000000008bf00000| Untracked 
| 192|0x000000008c000000, 0x000000008c000000, 0x000000008c100000|  0%| F|  |TAMS 0x000000008c000000, 0x000000008c000000| Untracked 
| 193|0x000000008c100000, 0x000000008c100000, 0x000000008c200000|  0%| F|  |TAMS 0x000000008c100000, 0x000000008c100000| Untracked 
| 194|0x000000008c200000, 0x000000008c200000, 0x000000008c300000|  0%| F|  |TAMS 0x000000008c200000, 0x000000008c200000| Untracked 
| 195|0x000000008c300000, 0x000000008c300000, 0x000000008c400000|  0%| F|  |TAMS 0x000000008c300000, 0x000000008c300000| Untracked 
| 196|0x000000008c400000, 0x000000008c400000, 0x000000008c500000|  0%| F|  |TAMS 0x000000008c400000, 0x000000008c400000| Untracked 
| 197|0x000000008c500000, 0x000000008c500000, 0x000000008c600000|  0%| F|  |TAMS 0x000000008c500000, 0x000000008c500000| Untracked 
| 198|0x000000008c600000, 0x000000008c600000, 0x000000008c700000|  0%| F|  |TAMS 0x000000008c600000, 0x000000008c600000| Untracked 
| 199|0x000000008c700000, 0x000000008c700000, 0x000000008c800000|  0%| F|  |TAMS 0x000000008c700000, 0x000000008c700000| Untracked 
| 200|0x000000008c800000, 0x000000008c800000, 0x000000008c900000|  0%| F|  |TAMS 0x000000008c800000, 0x000000008c800000| Untracked 
| 201|0x000000008c900000, 0x000000008c900000, 0x000000008ca00000|  0%| F|  |TAMS 0x000000008c900000, 0x000000008c900000| Untracked 
| 202|0x000000008ca00000, 0x000000008ca00000, 0x000000008cb00000|  0%| F|  |TAMS 0x000000008ca00000, 0x000000008ca00000| Untracked 
| 203|0x000000008cb00000, 0x000000008cb00000, 0x000000008cc00000|  0%| F|  |TAMS 0x000000008cb00000, 0x000000008cb00000| Untracked 
| 204|0x000000008cc00000, 0x000000008cc00000, 0x000000008cd00000|  0%| F|  |TAMS 0x000000008cc00000, 0x000000008cc00000| Untracked 
| 205|0x000000008cd00000, 0x000000008cd00000, 0x000000008ce00000|  0%| F|  |TAMS 0x000000008cd00000, 0x000000008cd00000| Untracked 
| 206|0x000000008ce00000, 0x000000008ce00000, 0x000000008cf00000|  0%| F|  |TAMS 0x000000008ce00000, 0x000000008ce00000| Untracked 
| 207|0x000000008cf00000, 0x000000008cf00000, 0x000000008d000000|  0%| F|  |TAMS 0x000000008cf00000, 0x000000008cf00000| Untracked 
| 208|0x000000008d000000, 0x000000008d000000, 0x000000008d100000|  0%| F|  |TAMS 0x000000008d000000, 0x000000008d000000| Untracked 
| 209|0x000000008d100000, 0x000000008d100000, 0x000000008d200000|  0%| F|  |TAMS 0x000000008d100000, 0x000000008d100000| Untracked 
| 210|0x000000008d200000, 0x000000008d200000, 0x000000008d300000|  0%| F|  |TAMS 0x000000008d200000, 0x000000008d200000| Untracked 
| 211|0x000000008d300000, 0x000000008d300000, 0x000000008d400000|  0%| F|  |TAMS 0x000000008d300000, 0x000000008d300000| Untracked 
| 212|0x000000008d400000, 0x000000008d400000, 0x000000008d500000|  0%| F|  |TAMS 0x000000008d400000, 0x000000008d400000| Untracked 
| 213|0x000000008d500000, 0x000000008d500000, 0x000000008d600000|  0%| F|  |TAMS 0x000000008d500000, 0x000000008d500000| Untracked 
| 214|0x000000008d600000, 0x000000008d600000, 0x000000008d700000|  0%| F|  |TAMS 0x000000008d600000, 0x000000008d600000| Untracked 
| 215|0x000000008d700000, 0x000000008d700000, 0x000000008d800000|  0%| F|  |TAMS 0x000000008d700000, 0x000000008d700000| Untracked 
| 216|0x000000008d800000, 0x000000008d800000, 0x000000008d900000|  0%| F|  |TAMS 0x000000008d800000, 0x000000008d800000| Untracked 
| 217|0x000000008d900000, 0x000000008d900000, 0x000000008da00000|  0%| F|  |TAMS 0x000000008d900000, 0x000000008d900000| Untracked 
| 218|0x000000008da00000, 0x000000008da00000, 0x000000008db00000|  0%| F|  |TAMS 0x000000008da00000, 0x000000008da00000| Untracked 
| 219|0x000000008db00000, 0x000000008db00000, 0x000000008dc00000|  0%| F|  |TAMS 0x000000008db00000, 0x000000008db00000| Untracked 
| 220|0x000000008dc00000, 0x000000008dc00000, 0x000000008dd00000|  0%| F|  |TAMS 0x000000008dc00000, 0x000000008dc00000| Untracked 
| 221|0x000000008dd00000, 0x000000008dd00000, 0x000000008de00000|  0%| F|  |TAMS 0x000000008dd00000, 0x000000008dd00000| Untracked 
| 222|0x000000008de00000, 0x000000008de00000, 0x000000008df00000|  0%| F|  |TAMS 0x000000008de00000, 0x000000008de00000| Untracked 
| 223|0x000000008df00000, 0x000000008df00000, 0x000000008e000000|  0%| F|  |TAMS 0x000000008df00000, 0x000000008df00000| Untracked 
| 224|0x000000008e000000, 0x000000008e000000, 0x000000008e100000|  0%| F|  |TAMS 0x000000008e000000, 0x000000008e000000| Untracked 
| 225|0x000000008e100000, 0x000000008e100000, 0x000000008e200000|  0%| F|  |TAMS 0x000000008e100000, 0x000000008e100000| Untracked 
| 226|0x000000008e200000, 0x000000008e200000, 0x000000008e300000|  0%| F|  |TAMS 0x000000008e200000, 0x000000008e200000| Untracked 
| 227|0x000000008e300000, 0x000000008e300000, 0x000000008e400000|  0%| F|  |TAMS 0x000000008e300000, 0x000000008e300000| Untracked 
| 228|0x000000008e400000, 0x000000008e400000, 0x000000008e500000|  0%| F|  |TAMS 0x000000008e400000, 0x000000008e400000| Untracked 
| 229|0x000000008e500000, 0x000000008e500000, 0x000000008e600000|  0%| F|  |TAMS 0x000000008e500000, 0x000000008e500000| Untracked 
| 230|0x000000008e600000, 0x000000008e600000, 0x000000008e700000|  0%| F|  |TAMS 0x000000008e600000, 0x000000008e600000| Untracked 
| 231|0x000000008e700000, 0x000000008e700000, 0x000000008e800000|  0%| F|  |TAMS 0x000000008e700000, 0x000000008e700000| Untracked 
| 232|0x000000008e800000, 0x000000008e800000, 0x000000008e900000|  0%| F|  |TAMS 0x000000008e800000, 0x000000008e800000| Untracked 
| 233|0x000000008e900000, 0x000000008e900000, 0x000000008ea00000|  0%| F|  |TAMS 0x000000008e900000, 0x000000008e900000| Untracked 
| 234|0x000000008ea00000, 0x000000008ea00000, 0x000000008eb00000|  0%| F|  |TAMS 0x000000008ea00000, 0x000000008ea00000| Untracked 
| 235|0x000000008eb00000, 0x000000008eb00000, 0x000000008ec00000|  0%| F|  |TAMS 0x000000008eb00000, 0x000000008eb00000| Untracked 
| 236|0x000000008ec00000, 0x000000008ec00000, 0x000000008ed00000|  0%| F|  |TAMS 0x000000008ec00000, 0x000000008ec00000| Untracked 
| 237|0x000000008ed00000, 0x000000008ed00000, 0x000000008ee00000|  0%| F|  |TAMS 0x000000008ed00000, 0x000000008ed00000| Untracked 
| 238|0x000000008ee00000, 0x000000008ee00000, 0x000000008ef00000|  0%| F|  |TAMS 0x000000008ee00000, 0x000000008ee00000| Untracked 
| 239|0x000000008ef00000, 0x000000008ef00000, 0x000000008f000000|  0%| F|  |TAMS 0x000000008ef00000, 0x000000008ef00000| Untracked 
| 240|0x000000008f000000, 0x000000008f000000, 0x000000008f100000|  0%| F|  |TAMS 0x000000008f000000, 0x000000008f000000| Untracked 
| 241|0x000000008f100000, 0x000000008f100000, 0x000000008f200000|  0%| F|  |TAMS 0x000000008f100000, 0x000000008f100000| Untracked 
| 242|0x000000008f200000, 0x000000008f200000, 0x000000008f300000|  0%| F|  |TAMS 0x000000008f200000, 0x000000008f200000| Untracked 
| 243|0x000000008f300000, 0x000000008f300000, 0x000000008f400000|  0%| F|  |TAMS 0x000000008f300000, 0x000000008f300000| Untracked 
| 244|0x000000008f400000, 0x000000008f400000, 0x000000008f500000|  0%| F|  |TAMS 0x000000008f400000, 0x000000008f400000| Untracked 
| 245|0x000000008f500000, 0x000000008f500000, 0x000000008f600000|  0%| F|  |TAMS 0x000000008f500000, 0x000000008f500000| Untracked 
| 246|0x000000008f600000, 0x000000008f600000, 0x000000008f700000|  0%| F|  |TAMS 0x000000008f600000, 0x000000008f600000| Untracked 
| 247|0x000000008f700000, 0x000000008f700000, 0x000000008f800000|  0%| F|  |TAMS 0x000000008f700000, 0x000000008f700000| Untracked 
| 248|0x000000008f800000, 0x000000008f800000, 0x000000008f900000|  0%| F|  |TAMS 0x000000008f800000, 0x000000008f800000| Untracked 
| 249|0x000000008f900000, 0x000000008f900000, 0x000000008fa00000|  0%| F|  |TAMS 0x000000008f900000, 0x000000008f900000| Untracked 
| 250|0x000000008fa00000, 0x000000008fa00000, 0x000000008fb00000|  0%| F|  |TAMS 0x000000008fa00000, 0x000000008fa00000| Untracked 
| 251|0x000000008fb00000, 0x000000008fb00000, 0x000000008fc00000|  0%| F|  |TAMS 0x000000008fb00000, 0x000000008fb00000| Untracked 
| 252|0x000000008fc00000, 0x000000008fc00000, 0x000000008fd00000|  0%| F|  |TAMS 0x000000008fc00000, 0x000000008fc00000| Untracked 
| 253|0x000000008fd00000, 0x000000008fd00000, 0x000000008fe00000|  0%| F|  |TAMS 0x000000008fd00000, 0x000000008fd00000| Untracked 
| 254|0x000000008fe00000, 0x000000008fe00000, 0x000000008ff00000|  0%| F|  |TAMS 0x000000008fe00000, 0x000000008fe00000| Untracked 
| 255|0x000000008ff00000, 0x000000008ff00000, 0x0000000090000000|  0%| F|  |TAMS 0x000000008ff00000, 0x000000008ff00000| Untracked 
| 256|0x0000000090000000, 0x0000000090000000, 0x0000000090100000|  0%| F|  |TAMS 0x0000000090000000, 0x0000000090000000| Untracked 
| 257|0x0000000090100000, 0x0000000090100000, 0x0000000090200000|  0%| F|  |TAMS 0x0000000090100000, 0x0000000090100000| Untracked 
| 258|0x0000000090200000, 0x0000000090200000, 0x0000000090300000|  0%| F|  |TAMS 0x0000000090200000, 0x0000000090200000| Untracked 
| 259|0x0000000090300000, 0x0000000090300000, 0x0000000090400000|  0%| F|  |TAMS 0x0000000090300000, 0x0000000090300000| Untracked 
| 260|0x0000000090400000, 0x0000000090400000, 0x0000000090500000|  0%| F|  |TAMS 0x0000000090400000, 0x0000000090400000| Untracked 
| 261|0x0000000090500000, 0x0000000090500000, 0x0000000090600000|  0%| F|  |TAMS 0x0000000090500000, 0x0000000090500000| Untracked 
| 262|0x0000000090600000, 0x0000000090600000, 0x0000000090700000|  0%| F|  |TAMS 0x0000000090600000, 0x0000000090600000| Untracked 
| 263|0x0000000090700000, 0x0000000090700000, 0x0000000090800000|  0%| F|  |TAMS 0x0000000090700000, 0x0000000090700000| Untracked 
| 264|0x0000000090800000, 0x0000000090800000, 0x0000000090900000|  0%| F|  |TAMS 0x0000000090800000, 0x0000000090800000| Untracked 
| 265|0x0000000090900000, 0x0000000090900000, 0x0000000090a00000|  0%| F|  |TAMS 0x0000000090900000, 0x0000000090900000| Untracked 
| 266|0x0000000090a00000, 0x0000000090a00000, 0x0000000090b00000|  0%| F|  |TAMS 0x0000000090a00000, 0x0000000090a00000| Untracked 
| 267|0x0000000090b00000, 0x0000000090b00000, 0x0000000090c00000|  0%| F|  |TAMS 0x0000000090b00000, 0x0000000090b00000| Untracked 
| 268|0x0000000090c00000, 0x0000000090c00000, 0x0000000090d00000|  0%| F|  |TAMS 0x0000000090c00000, 0x0000000090c00000| Untracked 
| 269|0x0000000090d00000, 0x0000000090d00000, 0x0000000090e00000|  0%| F|  |TAMS 0x0000000090d00000, 0x0000000090d00000| Untracked 
| 270|0x0000000090e00000, 0x0000000090e00000, 0x0000000090f00000|  0%| F|  |TAMS 0x0000000090e00000, 0x0000000090e00000| Untracked 
| 271|0x0000000090f00000, 0x0000000090f00000, 0x0000000091000000|  0%| F|  |TAMS 0x0000000090f00000, 0x0000000090f00000| Untracked 
| 272|0x0000000091000000, 0x0000000091000000, 0x0000000091100000|  0%| F|  |TAMS 0x0000000091000000, 0x0000000091000000| Untracked 
| 273|0x0000000091100000, 0x0000000091100000, 0x0000000091200000|  0%| F|  |TAMS 0x0000000091100000, 0x0000000091100000| Untracked 
| 274|0x0000000091200000, 0x0000000091200000, 0x0000000091300000|  0%| F|  |TAMS 0x0000000091200000, 0x0000000091200000| Untracked 
| 275|0x0000000091300000, 0x0000000091300000, 0x0000000091400000|  0%| F|  |TAMS 0x0000000091300000, 0x0000000091300000| Untracked 
| 276|0x0000000091400000, 0x0000000091400000, 0x0000000091500000|  0%| F|  |TAMS 0x0000000091400000, 0x0000000091400000| Untracked 
| 277|0x0000000091500000, 0x0000000091500000, 0x0000000091600000|  0%| F|  |TAMS 0x0000000091500000, 0x0000000091500000| Untracked 
| 278|0x0000000091600000, 0x0000000091600000, 0x0000000091700000|  0%| F|  |TAMS 0x0000000091600000, 0x0000000091600000| Untracked 
| 279|0x0000000091700000, 0x0000000091700000, 0x0000000091800000|  0%| F|  |TAMS 0x0000000091700000, 0x0000000091700000| Untracked 
| 280|0x0000000091800000, 0x0000000091800000, 0x0000000091900000|  0%| F|  |TAMS 0x0000000091800000, 0x0000000091800000| Untracked 
| 281|0x0000000091900000, 0x0000000091900000, 0x0000000091a00000|  0%| F|  |TAMS 0x0000000091900000, 0x0000000091900000| Untracked 
| 282|0x0000000091a00000, 0x0000000091a00000, 0x0000000091b00000|  0%| F|  |TAMS 0x0000000091a00000, 0x0000000091a00000| Untracked 
| 283|0x0000000091b00000, 0x0000000091b00000, 0x0000000091c00000|  0%| F|  |TAMS 0x0000000091b00000, 0x0000000091b00000| Untracked 
| 284|0x0000000091c00000, 0x0000000091c4a9a8, 0x0000000091d00000| 29%| E|  |TAMS 0x0000000091c00000, 0x0000000091c00000| Complete 
| 285|0x0000000091d00000, 0x0000000091e00000, 0x0000000091e00000|100%| E|CS|TAMS 0x0000000091d00000, 0x0000000091d00000| Complete 
| 286|0x0000000091e00000, 0x0000000091efa590, 0x0000000091f00000| 97%| S|CS|TAMS 0x0000000091e00000, 0x0000000091e00000| Complete 
| 287|0x0000000091f00000, 0x0000000092000000, 0x0000000092000000|100%| S|CS|TAMS 0x0000000091f00000, 0x0000000091f00000| Complete 
| 288|0x0000000092000000, 0x0000000092100000, 0x0000000092100000|100%| S|CS|TAMS 0x0000000092000000, 0x0000000092000000| Complete 
| 289|0x0000000092100000, 0x0000000092200000, 0x0000000092200000|100%| S|CS|TAMS 0x0000000092100000, 0x0000000092100000| Complete 
| 290|0x0000000092200000, 0x0000000092300000, 0x0000000092300000|100%| S|CS|TAMS 0x0000000092200000, 0x0000000092200000| Complete 
| 291|0x0000000092300000, 0x0000000092400000, 0x0000000092400000|100%| E|CS|TAMS 0x0000000092300000, 0x0000000092300000| Complete 
| 292|0x0000000092400000, 0x0000000092500000, 0x0000000092500000|100%| E|CS|TAMS 0x0000000092400000, 0x0000000092400000| Complete 
| 293|0x0000000092500000, 0x0000000092600000, 0x0000000092600000|100%| E|CS|TAMS 0x0000000092500000, 0x0000000092500000| Complete 
| 294|0x0000000092600000, 0x0000000092700000, 0x0000000092700000|100%| E|CS|TAMS 0x0000000092600000, 0x0000000092600000| Complete 
| 295|0x0000000092700000, 0x0000000092800000, 0x0000000092800000|100%| E|CS|TAMS 0x0000000092700000, 0x0000000092700000| Complete 
| 296|0x0000000092800000, 0x0000000092900000, 0x0000000092900000|100%| E|CS|TAMS 0x0000000092800000, 0x0000000092800000| Complete 
| 297|0x0000000092900000, 0x0000000092a00000, 0x0000000092a00000|100%| E|CS|TAMS 0x0000000092900000, 0x0000000092900000| Complete 
| 298|0x0000000092a00000, 0x0000000092b00000, 0x0000000092b00000|100%| E|CS|TAMS 0x0000000092a00000, 0x0000000092a00000| Complete 
| 299|0x0000000092b00000, 0x0000000092c00000, 0x0000000092c00000|100%| E|CS|TAMS 0x0000000092b00000, 0x0000000092b00000| Complete 
| 300|0x0000000092c00000, 0x0000000092d00000, 0x0000000092d00000|100%| E|CS|TAMS 0x0000000092c00000, 0x0000000092c00000| Complete 
| 301|0x0000000092d00000, 0x0000000092e00000, 0x0000000092e00000|100%| E|CS|TAMS 0x0000000092d00000, 0x0000000092d00000| Complete 
| 302|0x0000000092e00000, 0x0000000092f00000, 0x0000000092f00000|100%| E|CS|TAMS 0x0000000092e00000, 0x0000000092e00000| Complete 
| 303|0x0000000092f00000, 0x0000000093000000, 0x0000000093000000|100%| E|CS|TAMS 0x0000000092f00000, 0x0000000092f00000| Complete 
| 304|0x0000000093000000, 0x0000000093100000, 0x0000000093100000|100%| E|CS|TAMS 0x0000000093000000, 0x0000000093000000| Complete 
| 305|0x0000000093100000, 0x0000000093200000, 0x0000000093200000|100%| E|CS|TAMS 0x0000000093100000, 0x0000000093100000| Complete 
| 306|0x0000000093200000, 0x0000000093300000, 0x0000000093300000|100%| E|CS|TAMS 0x0000000093200000, 0x0000000093200000| Complete 
| 307|0x0000000093300000, 0x0000000093400000, 0x0000000093400000|100%| E|CS|TAMS 0x0000000093300000, 0x0000000093300000| Complete 
| 308|0x0000000093400000, 0x0000000093500000, 0x0000000093500000|100%| E|CS|TAMS 0x0000000093400000, 0x0000000093400000| Complete 
| 309|0x0000000093500000, 0x0000000093600000, 0x0000000093600000|100%| E|CS|TAMS 0x0000000093500000, 0x0000000093500000| Complete 
| 310|0x0000000093600000, 0x0000000093700000, 0x0000000093700000|100%| E|CS|TAMS 0x0000000093600000, 0x0000000093600000| Complete 
| 311|0x0000000093700000, 0x0000000093800000, 0x0000000093800000|100%| E|CS|TAMS 0x0000000093700000, 0x0000000093700000| Complete 
| 312|0x0000000093800000, 0x0000000093900000, 0x0000000093900000|100%| E|CS|TAMS 0x0000000093800000, 0x0000000093800000| Complete 
| 313|0x0000000093900000, 0x0000000093a00000, 0x0000000093a00000|100%| E|CS|TAMS 0x0000000093900000, 0x0000000093900000| Complete 
| 314|0x0000000093a00000, 0x0000000093b00000, 0x0000000093b00000|100%| E|CS|TAMS 0x0000000093a00000, 0x0000000093a00000| Complete 
| 315|0x0000000093b00000, 0x0000000093c00000, 0x0000000093c00000|100%| E|CS|TAMS 0x0000000093b00000, 0x0000000093b00000| Complete 
| 316|0x0000000093c00000, 0x0000000093d00000, 0x0000000093d00000|100%| E|CS|TAMS 0x0000000093c00000, 0x0000000093c00000| Complete 
| 317|0x0000000093d00000, 0x0000000093e00000, 0x0000000093e00000|100%| E|CS|TAMS 0x0000000093d00000, 0x0000000093d00000| Complete 
| 318|0x0000000093e00000, 0x0000000093f00000, 0x0000000093f00000|100%| E|CS|TAMS 0x0000000093e00000, 0x0000000093e00000| Complete 
| 319|0x0000000093f00000, 0x0000000094000000, 0x0000000094000000|100%| E|CS|TAMS 0x0000000093f00000, 0x0000000093f00000| Complete 
| 320|0x0000000094000000, 0x0000000094100000, 0x0000000094100000|100%| E|CS|TAMS 0x0000000094000000, 0x0000000094000000| Complete 

Card table byte_map: [0x000002949dd80000,0x000002949e180000] _byte_map_base: 0x000002949d980000

Marking Bits (Prev, Next): (CMBitMap*) 0x000002948aececd0, (CMBitMap*) 0x000002948aecec98
 Prev Bits: [0x00000294a0580000, 0x00000294a2580000)
 Next Bits: [0x000002949e580000, 0x00000294a0580000)

Polling page: 0x000002948a670000

Metaspace:

Usage:
  Non-class:    131.98 MB capacity,   128.45 MB ( 97%) used,     2.90 MB (  2%) free+waste,   642.13 KB ( <1%) overhead. 
      Class:     19.27 MB capacity,    17.38 MB ( 90%) used,     1.62 MB (  8%) free+waste,   275.94 KB (  1%) overhead. 
       Both:    151.25 MB capacity,   145.83 MB ( 96%) used,     4.53 MB (  3%) free+waste,   918.06 KB ( <1%) overhead. 

Virtual space:
  Non-class space:      144.00 MB reserved,     142.50 MB ( 99%) committed 
      Class space:        1.00 GB reserved,      21.13 MB (  2%) committed 
             Both:        1.14 GB reserved,     163.63 MB ( 14%) committed 

Chunk freelists:
   Non-Class:  10.39 MB
       Class:  1.81 MB
        Both:  12.20 MB

MaxMetaspaceSize: 17179869184.00 GB
CompressedClassSpaceSize: 1.00 GB

CodeHeap 'non-profiled nmethods': size=120064Kb used=41614Kb max_used=41614Kb free=78450Kb
 bounds [0x0000029496440000, 0x0000029498cf0000, 0x000002949d980000]
CodeHeap 'profiled nmethods': size=120000Kb used=65951Kb max_used=66879Kb free=54048Kb
 bounds [0x000002948ef10000, 0x00000294930e0000, 0x0000029496440000]
CodeHeap 'non-nmethods': size=5696Kb used=2400Kb max_used=2478Kb free=3295Kb
 bounds [0x000002948e980000, 0x000002948ec10000, 0x000002948ef10000]
 total_blobs=33981 nmethods=32947 adapters=943
 compilation: enabled
              stopped_count=0, restarted_count=0
 full_count=0

Compilation events (20 events):
Event: 9861.313 Thread 0x00000294a5333000 nmethod 52419 0x0000029498cdb490 code [0x0000029498cdb640, 0x0000029498cdb6f8]
Event: 9861.322 Thread 0x00000294a5333000 52420       3       com.android.build.gradle.internal.core.VariantSources::getSourceFiles (120 bytes)
Event: 9861.323 Thread 0x00000294a5333000 nmethod 52420 0x00000294925fd110 code [0x00000294925fd420, 0x00000294925fe398]
Event: 9861.484 Thread 0x00000294a5333000 52423       3       com.android.ide.common.resources.DataSet::addDataFile (28 bytes)
Event: 9861.485 Thread 0x00000294a5333000 nmethod 52423 0x00000294922a6110 code [0x00000294922a62e0, 0x00000294922a6618]
Event: 9861.485 Thread 0x00000294acb60800 52422       4       com.android.ide.common.resources.DataSet::processNewDataFile (74 bytes)
Event: 9861.489 Thread 0x00000294a5333000 52424       3       com.android.ide.common.resources.configuration.ScreenOrientationQualifier::checkAndSet (29 bytes)
Event: 9861.490 Thread 0x00000294a5333000 nmethod 52424 0x0000029492303c10 code [0x0000029492303e20, 0x0000029492304408]
Event: 9861.493 Thread 0x00000294a5333000 52425       3       com.android.ide.common.resources.ResourceSet::createSet (19 bytes)
Event: 9861.493 Thread 0x00000294a5333000 nmethod 52425 0x000002949214f810 code [0x000002949214f9c0, 0x000002949214fb88]
Event: 9861.504 Thread 0x00000294a5333000 52426       1       com.android.ide.common.resources.configuration.ScreenOrientationQualifier::getEnumValue (5 bytes)
Event: 9861.504 Thread 0x00000294a5333000 nmethod 52426 0x0000029498cdb790 code [0x0000029498cdb940, 0x0000029498cdb9f8]
Event: 9861.504 Thread 0x00000294a5333000 52427       1       com.android.resources.ScreenOrientation::getResourceValue (5 bytes)
Event: 9861.504 Thread 0x00000294a5333000 nmethod 52427 0x0000029498cdba90 code [0x0000029498cdbc40, 0x0000029498cdbcf8]
Event: 9861.554 Thread 0x00000294a532f800 nmethod 52306 0x0000029498cdbd90 code [0x0000029498cdc3e0, 0x0000029498ce5608]
Event: 9861.568 Thread 0x00000294a5333000 52428   !   3       org.gradle.internal.work.DefaultAsyncWorkTracker::hasUncompletedWork (94 bytes)
Event: 9861.569 Thread 0x00000294a5333000 nmethod 52428 0x000002949261ee10 code [0x000002949261f100, 0x0000029492620188]
Event: 9861.577 Thread 0x00000294a5333000 52429       3       com.sun.org.apache.xpath.internal.compiler.OpMap::getOp (9 bytes)
Event: 9861.577 Thread 0x00000294a5333000 nmethod 52429 0x00000294921a0390 code [0x00000294921a0540, 0x00000294921a06d8]
Event: 9861.584 Thread 0x00000294acb60800 nmethod 52422 0x0000029498ce8a10 code [0x0000029498ce8d40, 0x0000029498cebb00]

GC Heap History (20 events):
Event: 9661.634 GC heap before
{Heap before GC invocations=399 (full 0):
 garbage-first heap   total 328704K, used 200564K [0x0000000080000000, 0x0000000100000000)
  region size 1024K, 70 young (71680K), 1 survivors (1024K)
 Metaspace       used 149210K, capacity 154618K, committed 167040K, reserved 1193984K
  class space    used 17792K, capacity 19730K, committed 21632K, reserved 1048576K
}
Event: 9661.640 GC heap after
{Heap after GC invocations=400 (full 0):
 garbage-first heap   total 328704K, used 131921K [0x0000000080000000, 0x0000000100000000)
  region size 1024K, 1 young (1024K), 1 survivors (1024K)
 Metaspace       used 149210K, capacity 154618K, committed 167040K, reserved 1193984K
  class space    used 17792K, capacity 19730K, committed 21632K, reserved 1048576K
}
Event: 9663.642 GC heap before
{Heap before GC invocations=401 (full 0):
 garbage-first heap   total 328704K, used 276305K [0x0000000080000000, 0x0000000100000000)
  region size 1024K, 132 young (135168K), 1 survivors (1024K)
 Metaspace       used 158560K, capacity 164544K, committed 167040K, reserved 1193984K
  class space    used 18939K, capacity 21061K, committed 21632K, reserved 1048576K
}
Event: 9663.671 GC heap after
{Heap after GC invocations=402 (full 0):
 garbage-first heap   total 328704K, used 150361K [0x0000000080000000, 0x0000000100000000)
  region size 1024K, 15 young (15360K), 15 survivors (15360K)
 Metaspace       used 158560K, capacity 164544K, committed 167040K, reserved 1193984K
  class space    used 18939K, capacity 21061K, committed 21632K, reserved 1048576K
}
Event: 9663.676 GC heap before
{Heap before GC invocations=402 (full 0):
 garbage-first heap   total 328704K, used 151385K [0x0000000080000000, 0x0000000100000000)
  region size 1024K, 16 young (16384K), 15 survivors (15360K)
 Metaspace       used 158561K, capacity 164544K, committed 167040K, reserved 1193984K
  class space    used 18939K, capacity 21061K, committed 21632K, reserved 1048576K
}
Event: 9663.687 GC heap after
{Heap after GC invocations=403 (full 0):
 garbage-first heap   total 328704K, used 151358K [0x0000000080000000, 0x0000000100000000)
  region size 1024K, 2 young (2048K), 2 survivors (2048K)
 Metaspace       used 158561K, capacity 164544K, committed 167040K, reserved 1193984K
  class space    used 18939K, capacity 21061K, committed 21632K, reserved 1048576K
}
Event: 9672.125 GC heap before
{Heap before GC invocations=403 (full 0):
 garbage-first heap   total 328704K, used 265022K [0x0000000080000000, 0x0000000100000000)
  region size 1024K, 114 young (116736K), 2 survivors (2048K)
 Metaspace       used 160970K, capacity 167212K, committed 167552K, reserved 1196032K
  class space    used 19327K, capacity 21544K, committed 21632K, reserved 1048576K
}
Event: 9672.132 GC heap after
{Heap after GC invocations=404 (full 0):
 garbage-first heap   total 328704K, used 149797K [0x0000000080000000, 0x0000000100000000)
  region size 1024K, 2 young (2048K), 2 survivors (2048K)
 Metaspace       used 160970K, capacity 167212K, committed 167552K, reserved 1196032K
  class space    used 19327K, capacity 21544K, committed 21632K, reserved 1048576K
}
Event: 9672.901 GC heap before
{Heap before GC invocations=405 (full 0):
 garbage-first heap   total 328704K, used 277797K [0x0000000080000000, 0x0000000100000000)
  region size 1024K, 120 young (122880K), 2 survivors (2048K)
 Metaspace       used 160999K, capacity 167283K, committed 167552K, reserved 1196032K
  class space    used 19327K, capacity 21546K, committed 21632K, reserved 1048576K
}
Event: 9672.908 GC heap after
{Heap after GC invocations=406 (full 0):
 garbage-first heap   total 328704K, used 160497K [0x0000000080000000, 0x0000000100000000)
  region size 1024K, 9 young (9216K), 9 survivors (9216K)
 Metaspace       used 160999K, capacity 167283K, committed 167552K, reserved 1196032K
  class space    used 19327K, capacity 21546K, committed 21632K, reserved 1048576K
}
Event: 9672.915 GC heap before
{Heap before GC invocations=406 (full 0):
 garbage-first heap   total 328704K, used 166641K [0x0000000080000000, 0x0000000100000000)
  region size 1024K, 16 young (16384K), 9 survivors (9216K)
 Metaspace       used 160999K, capacity 167283K, committed 167552K, reserved 1196032K
  class space    used 19327K, capacity 21546K, committed 21632K, reserved 1048576K
}
Event: 9672.927 GC heap after
{Heap after GC invocations=407 (full 0):
 garbage-first heap   total 328704K, used 151427K [0x0000000080000000, 0x0000000100000000)
  region size 1024K, 2 young (2048K), 2 survivors (2048K)
 Metaspace       used 160999K, capacity 167283K, committed 167552K, reserved 1196032K
  class space    used 19327K, capacity 21546K, committed 21632K, reserved 1048576K
}
Event: 9673.141 GC heap before
{Heap before GC invocations=407 (full 0):
 garbage-first heap   total 328704K, used 249731K [0x0000000080000000, 0x0000000100000000)
  region size 1024K, 100 young (102400K), 2 survivors (2048K)
 Metaspace       used 160999K, capacity 167283K, committed 167552K, reserved 1196032K
  class space    used 19327K, capacity 21546K, committed 21632K, reserved 1048576K
}
Event: 9673.153 GC heap after
{Heap after GC invocations=408 (full 0):
 garbage-first heap   total 328704K, used 159889K [0x0000000080000000, 0x0000000100000000)
  region size 1024K, 11 young (11264K), 11 survivors (11264K)
 Metaspace       used 160999K, capacity 167283K, committed 167552K, reserved 1196032K
  class space    used 19327K, capacity 21546K, committed 21632K, reserved 1048576K
}
Event: 9861.042 GC heap before
{Heap before GC invocations=409 (full 0):
 garbage-first heap   total 328704K, used 284817K [0x0000000080000000, 0x0000000100000000)
  region size 1024K, 114 young (116736K), 11 survivors (11264K)
 Metaspace       used 149272K, capacity 154750K, committed 167552K, reserved 1196032K
  class space    used 17792K, capacity 19730K, committed 21632K, reserved 1048576K
}
Event: 9861.065 GC heap after
{Heap after GC invocations=410 (full 0):
 garbage-first heap   total 328704K, used 149362K [0x0000000080000000, 0x0000000100000000)
  region size 1024K, 4 young (4096K), 4 survivors (4096K)
 Metaspace       used 149272K, capacity 154750K, committed 167552K, reserved 1196032K
  class space    used 17792K, capacity 19730K, committed 21632K, reserved 1048576K
}
Event: 9861.213 GC heap before
{Heap before GC invocations=410 (full 0):
 garbage-first heap   total 328704K, used 160626K [0x0000000080000000, 0x0000000100000000)
  region size 1024K, 16 young (16384K), 4 survivors (4096K)
 Metaspace       used 149293K, capacity 154750K, committed 167552K, reserved 1196032K
  class space    used 17792K, capacity 19730K, committed 21632K, reserved 1048576K
}
Event: 9861.230 GC heap after
{Heap after GC invocations=411 (full 0):
 garbage-first heap   total 328704K, used 144707K [0x0000000080000000, 0x0000000100000000)
  region size 1024K, 2 young (2048K), 2 survivors (2048K)
 Metaspace       used 149293K, capacity 154750K, committed 167552K, reserved 1196032K
  class space    used 17792K, capacity 19730K, committed 21632K, reserved 1048576K
}
Event: 9861.404 GC heap before
{Heap before GC invocations=411 (full 0):
 garbage-first heap   total 328704K, used 172355K [0x0000000080000000, 0x0000000100000000)
  region size 1024K, 30 young (30720K), 2 survivors (2048K)
 Metaspace       used 149321K, capacity 154814K, committed 167552K, reserved 1196032K
  class space    used 17792K, capacity 19730K, committed 21632K, reserved 1048576K
}
Event: 9861.426 GC heap after
{Heap after GC invocations=412 (full 0):
 garbage-first heap   total 328704K, used 147756K [0x0000000080000000, 0x0000000100000000)
  region size 1024K, 5 young (5120K), 5 survivors (5120K)
 Metaspace       used 149321K, capacity 154814K, committed 167552K, reserved 1196032K
  class space    used 17792K, capacity 19730K, committed 21632K, reserved 1048576K
}

Deoptimization events (20 events):
Event: 9672.101 Thread 0x00000294ac5d1800 DEOPT PACKING pc=0x0000029490fbde94 sp=0x000000ee4c5fc410
Event: 9672.101 Thread 0x00000294ac5d1800 DEOPT UNPACKING pc=0x000002948e9a76ce sp=0x000000ee4c5fb9e0 mode 0
Event: 9672.101 Thread 0x00000294ac5d1800 DEOPT PACKING pc=0x0000029491ca6f27 sp=0x000000ee4c5fc360
Event: 9672.101 Thread 0x00000294ac5d1800 DEOPT UNPACKING pc=0x000002948e9a76ce sp=0x000000ee4c5fb950 mode 0
Event: 9672.106 Thread 0x00000294ac5d1800 DEOPT PACKING pc=0x0000029490fbe17d sp=0x000000ee4c5fc410
Event: 9672.106 Thread 0x00000294ac5d1800 DEOPT UNPACKING pc=0x000002948e9a76ce sp=0x000000ee4c5fb9e0 mode 0
Event: 9672.106 Thread 0x00000294ac5d1800 DEOPT PACKING pc=0x000002949197885f sp=0x000000ee4c5fc1f0
Event: 9672.106 Thread 0x00000294ac5d1800 DEOPT UNPACKING pc=0x000002948e9a76ce sp=0x000000ee4c5fb728 mode 0
Event: 9672.109 Thread 0x00000294ac5d1800 DEOPT PACKING pc=0x0000029491ca6f27 sp=0x000000ee4c5fc360
Event: 9672.109 Thread 0x00000294ac5d1800 DEOPT UNPACKING pc=0x000002948e9a76ce sp=0x000000ee4c5fb950 mode 0
Event: 9672.110 Thread 0x00000294ac5d1800 DEOPT PACKING pc=0x0000029490fbe17d sp=0x000000ee4c5fc410
Event: 9672.110 Thread 0x00000294ac5d1800 DEOPT UNPACKING pc=0x000002948e9a76ce sp=0x000000ee4c5fb9e0 mode 0
Event: 9672.176 Thread 0x00000294ac5d1800 Uncommon trap: trap_request=0xffffffbe fr.pc=0x0000029498bb85c8 relative=0x0000000000004228
Event: 9672.176 Thread 0x00000294ac5d1800 Uncommon trap: reason=profile_predicate action=maybe_recompile pc=0x0000029498bb85c8 method=org.gradle.api.internal.tasks.compile.incremental.classpath.ClasspathSnapshotFactory.createSnapshot(Ljava/lang/Iterable;)Lorg/gradle/api/internal/tasks/compile/inc
Event: 9672.176 Thread 0x00000294ac5d1800 DEOPT PACKING pc=0x0000029498bb85c8 sp=0x000000ee4c5fa520
Event: 9672.176 Thread 0x00000294ac5d1800 DEOPT UNPACKING pc=0x000002948e9a78af sp=0x000000ee4c5fa538 mode 2
Event: 9861.579 Thread 0x00000294a9fc8800 Uncommon trap: trap_request=0xffffffde fr.pc=0x0000029497a87ff4 relative=0x0000000000001f14
Event: 9861.579 Thread 0x00000294a9fc8800 Uncommon trap: reason=class_check action=maybe_recompile pc=0x0000029497a87ff4 method=sun.nio.ch.IOUtil.writeFromNativeBuffer(Ljava/io/FileDescriptor;Ljava/nio/ByteBuffer;JZILsun/nio/ch/NativeDispatcher;)I @ 93 c2
Event: 9861.579 Thread 0x00000294a9fc8800 DEOPT PACKING pc=0x0000029497a87ff4 sp=0x000000ee4a5f7770
Event: 9861.579 Thread 0x00000294a9fc8800 DEOPT UNPACKING pc=0x000002948e9a78af sp=0x000000ee4a5f7698 mode 2

Classes redefined (0 events):
No events

Internal exceptions (20 events):
Event: 9673.442 Thread 0x00000294acb6b800 Exception <a 'sun/nio/fs/WindowsException'{0x0000000090de77d0}> (0x0000000090de77d0) thrown at [./src/hotspot/share/prims/jni.cpp, line 615]
Event: 9673.454 Thread 0x00000294acb6b800 Exception <a 'sun/nio/fs/WindowsException'{0x0000000090b86a50}> (0x0000000090b86a50) thrown at [./src/hotspot/share/prims/jni.cpp, line 615]
Event: 9673.458 Thread 0x00000294acb65000 Exception <a 'sun/nio/fs/WindowsException'{0x0000000090e54d40}> (0x0000000090e54d40) thrown at [./src/hotspot/share/prims/jni.cpp, line 615]
Event: 9673.459 Thread 0x00000294acb6b800 Exception <a 'sun/nio/fs/WindowsException'{0x00000000909ad4d8}> (0x00000000909ad4d8) thrown at [./src/hotspot/share/prims/jni.cpp, line 615]
Event: 9673.466 Thread 0x00000294acb65000 Exception <a 'sun/nio/fs/WindowsException'{0x0000000090536e58}> (0x0000000090536e58) thrown at [./src/hotspot/share/prims/jni.cpp, line 615]
Event: 9673.475 Thread 0x00000294acb65000 Exception <a 'sun/nio/fs/WindowsException'{0x000000009054aab8}> (0x000000009054aab8) thrown at [./src/hotspot/share/prims/jni.cpp, line 615]
Event: 9673.478 Thread 0x00000294acb65000 Exception <a 'sun/nio/fs/WindowsException'{0x00000000902690d0}> (0x00000000902690d0) thrown at [./src/hotspot/share/prims/jni.cpp, line 615]
Event: 9673.487 Thread 0x00000294acb65000 Exception <a 'sun/nio/fs/WindowsException'{0x00000000902d1db0}> (0x00000000902d1db0) thrown at [./src/hotspot/share/prims/jni.cpp, line 615]
Event: 9673.490 Thread 0x00000294acb60800 Exception <a 'sun/nio/fs/WindowsException'{0x0000000090008730}> (0x0000000090008730) thrown at [./src/hotspot/share/prims/jni.cpp, line 615]
Event: 9673.491 Thread 0x00000294acb65000 Exception <a 'sun/nio/fs/WindowsException'{0x00000000900a8ea8}> (0x00000000900a8ea8) thrown at [./src/hotspot/share/prims/jni.cpp, line 615]
Event: 9673.495 Thread 0x00000294acb6b800 Exception <a 'sun/nio/fs/WindowsException'{0x000000008fc26b78}> (0x000000008fc26b78) thrown at [./src/hotspot/share/prims/jni.cpp, line 615]
Event: 9673.495 Thread 0x00000294acb5e800 Exception <a 'sun/nio/fs/WindowsException'{0x000000008fdc2070}> (0x000000008fdc2070) thrown at [./src/hotspot/share/prims/jni.cpp, line 615]
Event: 9673.504 Thread 0x00000294acb6b800 Exception <a 'sun/nio/fs/WindowsException'{0x000000008f4714b0}> (0x000000008f4714b0) thrown at [./src/hotspot/share/prims/jni.cpp, line 615]
Event: 9673.505 Thread 0x00000294acb60800 Exception <a 'sun/nio/fs/WindowsException'{0x000000008f4a7538}> (0x000000008f4a7538) thrown at [./src/hotspot/share/prims/jni.cpp, line 615]
Event: 9861.093 Thread 0x00000294a9fc8800 Exception <a 'sun/nio/fs/WindowsException'{0x0000000093c79098}> (0x0000000093c79098) thrown at [./src/hotspot/share/prims/jni.cpp, line 615]
Event: 9861.281 Thread 0x00000294a9fc8800 Exception <a 'sun/nio/fs/WindowsException'{0x0000000093befe30}> (0x0000000093befe30) thrown at [./src/hotspot/share/prims/jni.cpp, line 615]
Event: 9861.286 Thread 0x00000294a9fc8800 Exception <a 'sun/nio/fs/WindowsException'{0x0000000093a90f68}> (0x0000000093a90f68) thrown at [./src/hotspot/share/prims/jni.cpp, line 615]
Event: 9861.286 Thread 0x00000294a9fc8800 Exception <a 'sun/nio/fs/WindowsException'{0x0000000093a91f00}> (0x0000000093a91f00) thrown at [./src/hotspot/share/prims/jni.cpp, line 615]
Event: 9861.286 Thread 0x00000294a9fc8800 Exception <a 'sun/nio/fs/WindowsException'{0x0000000093a92ee8}> (0x0000000093a92ee8) thrown at [./src/hotspot/share/prims/jni.cpp, line 615]
Event: 9861.286 Thread 0x00000294a9fc8800 Exception <a 'sun/nio/fs/WindowsException'{0x0000000093a93ed0}> (0x0000000093a93ed0) thrown at [./src/hotspot/share/prims/jni.cpp, line 615]

Events (20 events):
Event: 9861.212 Executing VM operation: G1CollectForAllocation
Event: 9861.230 Executing VM operation: G1CollectForAllocation done
Event: 9861.313 Thread 0x00000294ac5d3000 Thread added: 0x00000294ac5d3000
Event: 9861.314 Thread 0x00000294acb63000 Thread added: 0x00000294acb63000
Event: 9861.314 Thread 0x00000294acb5f000 Thread added: 0x00000294acb5f000
Event: 9861.315 Thread 0x00000294acb60000 Thread added: 0x00000294acb60000
Event: 9861.316 Thread 0x00000294acb64000 Thread added: 0x00000294acb64000
Event: 9861.319 Executing VM operation: RevokeBias
Event: 9861.319 Executing VM operation: RevokeBias done
Event: 9861.324 Executing VM operation: RevokeBias
Event: 9861.324 Executing VM operation: RevokeBias done
Event: 9861.324 Executing VM operation: RevokeBias
Event: 9861.324 Executing VM operation: RevokeBias done
Event: 9861.324 Executing VM operation: RevokeBias
Event: 9861.324 Executing VM operation: RevokeBias done
Event: 9861.324 Executing VM operation: BulkRevokeBias
Event: 9861.326 Executing VM operation: BulkRevokeBias done
Event: 9861.404 Executing VM operation: G1CollectForAllocation
Event: 9861.426 Executing VM operation: G1CollectForAllocation done
Event: 9861.485 Thread 0x00000294acb60800 Thread added: 0x00000294acb60800


Dynamic libraries:
0x00007ff6f5440000 - 0x00007ff6f544a000 	C:\Program Files\Android\Android Studio\jre\bin\java.exe
0x00007ffdef100000 - 0x00007ffdef307000 	C:\WINDOWS\SYSTEM32\ntdll.dll
0x00007ffdee310000 - 0x00007ffdee3cd000 	C:\WINDOWS\System32\KERNEL32.DLL
0x00007ffdec700000 - 0x00007ffdeca74000 	C:\WINDOWS\System32\KERNELBASE.dll
0x00007ffdece70000 - 0x00007ffdecf81000 	C:\WINDOWS\System32\ucrtbase.dll
0x00007ffdd23c0000 - 0x00007ffdd23d7000 	C:\Program Files\Android\Android Studio\jre\bin\VCRUNTIME140.dll
0x00007ffddb090000 - 0x00007ffddb0a9000 	C:\Program Files\Android\Android Studio\jre\bin\jli.dll
0x00007ffdee6f0000 - 0x00007ffdee89c000 	C:\WINDOWS\System32\USER32.dll
0x00007ffdeb7f0000 - 0x00007ffdeba95000 	C:\WINDOWS\WinSxS\amd64_microsoft.windows.common-controls_6595b64144ccf1df_6.0.22000.120_none_9d947278b86cc467\COMCTL32.dll
0x00007ffdeccd0000 - 0x00007ffdeccf6000 	C:\WINDOWS\System32\win32u.dll
0x00007ffdee260000 - 0x00007ffdee303000 	C:\WINDOWS\System32\msvcrt.dll
0x00007ffded8e0000 - 0x00007ffded909000 	C:\WINDOWS\System32\GDI32.dll
0x00007ffdecb40000 - 0x00007ffdecc52000 	C:\WINDOWS\System32\gdi32full.dll
0x00007ffdec5e0000 - 0x00007ffdec67d000 	C:\WINDOWS\System32\msvcp_win.dll
0x00007ffdeeec0000 - 0x00007ffdeeef1000 	C:\WINDOWS\System32\IMM32.DLL
0x00007ffdbff00000 - 0x00007ffdbff9d000 	C:\Program Files\Android\Android Studio\jre\bin\msvcp140.dll
0x00007ffdb8610000 - 0x00007ffdb90df000 	C:\Program Files\Android\Android Studio\jre\bin\server\jvm.dll
0x00007ffdecfb0000 - 0x00007ffded05c000 	C:\WINDOWS\System32\ADVAPI32.dll
0x00007ffdee430000 - 0x00007ffdee4cd000 	C:\WINDOWS\System32\sechost.dll
0x00007ffdee4d0000 - 0x00007ffdee5f1000 	C:\WINDOWS\System32\RPCRT4.dll
0x00007ffdedfc0000 - 0x00007ffdedfc8000 	C:\WINDOWS\System32\PSAPI.DLL
0x00007ffdd0da0000 - 0x00007ffdd0da9000 	C:\WINDOWS\SYSTEM32\WSOCK32.dll
0x00007ffde7aa0000 - 0x00007ffde7ad3000 	C:\WINDOWS\SYSTEM32\WINMM.dll
0x00007ffdeef00000 - 0x00007ffdeef6f000 	C:\WINDOWS\System32\WS2_32.dll
0x00007ffde2d90000 - 0x00007ffde2d9a000 	C:\WINDOWS\SYSTEM32\VERSION.dll
0x00007ffdea7f0000 - 0x00007ffdea808000 	C:\WINDOWS\SYSTEM32\kernel.appcore.dll
0x00007ffddf500000 - 0x00007ffddf511000 	C:\Program Files\Android\Android Studio\jre\bin\verify.dll
0x00007ffdebe60000 - 0x00007ffdec081000 	C:\WINDOWS\SYSTEM32\DBGHELP.DLL
0x00007ffdebd60000 - 0x00007ffdebd91000 	C:\WINDOWS\SYSTEM32\dbgcore.DLL
0x00007ffdec680000 - 0x00007ffdec6ff000 	C:\WINDOWS\System32\bcryptPrimitives.dll
0x00007ffddf3d0000 - 0x00007ffddf3f9000 	C:\Program Files\Android\Android Studio\jre\bin\java.dll
0x00007ffde6370000 - 0x00007ffde637b000 	C:\Program Files\Android\Android Studio\jre\bin\jimage.dll
0x00007ffddf300000 - 0x00007ffddf318000 	C:\Program Files\Android\Android Studio\jre\bin\zip.dll
0x00007ffded080000 - 0x00007ffded82e000 	C:\WINDOWS\System32\SHELL32.dll
0x00007ffde9880000 - 0x00007ffdea0e7000 	C:\WINDOWS\SYSTEM32\windows.storage.dll
0x00007ffdeeac0000 - 0x00007ffdeee38000 	C:\WINDOWS\System32\combase.dll
0x00007ffde9710000 - 0x00007ffde9876000 	C:\WINDOWS\SYSTEM32\wintypes.dll
0x00007ffdee170000 - 0x00007ffdee25a000 	C:\WINDOWS\System32\SHCORE.dll
0x00007ffdeea60000 - 0x00007ffdeeabd000 	C:\WINDOWS\System32\shlwapi.dll
0x00007ffdec510000 - 0x00007ffdec531000 	C:\WINDOWS\SYSTEM32\profapi.dll
0x00007ffddf2e0000 - 0x00007ffddf2fa000 	C:\Program Files\Android\Android Studio\jre\bin\net.dll
0x00007ffde4af0000 - 0x00007ffde4bfc000 	C:\WINDOWS\SYSTEM32\WINHTTP.dll
0x00007ffdead00000 - 0x00007ffdead67000 	C:\WINDOWS\system32\mswsock.dll
0x00007ffddf260000 - 0x00007ffddf274000 	C:\Program Files\Android\Android Studio\jre\bin\nio.dll
0x00007ffddc5f0000 - 0x00007ffddc617000 	C:\Users\Theod\.gradle\native\8bec1ad78214c89d9ad589b4d07fe93259594b29d510b10fafb7a158f7737e5d\windows-amd64\native-platform.dll
0x00007ffdbba30000 - 0x00007ffdbbb6d000 	C:\Users\Theod\.gradle\native\53dbd7edfb1c66fb8903c78663c9afc45aea4f116125fa6feffd364cf09443e8\windows-amd64\native-platform-file-events.dll
0x00007ffde35b0000 - 0x00007ffde35ba000 	C:\Program Files\Android\Android Studio\jre\bin\management.dll
0x00007ffddfcf0000 - 0x00007ffddfcfc000 	C:\Program Files\Android\Android Studio\jre\bin\management_ext.dll
0x00007ffdec210000 - 0x00007ffdec228000 	C:\WINDOWS\SYSTEM32\CRYPTSP.dll
0x00007ffdea750000 - 0x00007ffdea785000 	C:\WINDOWS\system32\rsaenh.dll
0x00007ffdeb6d0000 - 0x00007ffdeb6f9000 	C:\WINDOWS\SYSTEM32\USERENV.dll
0x00007ffdec100000 - 0x00007ffdec127000 	C:\WINDOWS\SYSTEM32\bcrypt.dll
0x00007ffdeb700000 - 0x00007ffdeb70c000 	C:\WINDOWS\SYSTEM32\CRYPTBASE.dll
0x00007ffdea380000 - 0x00007ffdea3ad000 	C:\WINDOWS\SYSTEM32\IPHLPAPI.DLL
0x00007ffded910000 - 0x00007ffded919000 	C:\WINDOWS\System32\NSI.dll
0x00007ffde4920000 - 0x00007ffde4939000 	C:\WINDOWS\SYSTEM32\dhcpcsvc6.DLL
0x00007ffde61d0000 - 0x00007ffde61ee000 	C:\WINDOWS\SYSTEM32\dhcpcsvc.DLL
0x00007ffdea3b0000 - 0x00007ffdea497000 	C:\WINDOWS\SYSTEM32\DNSAPI.dll
0x00007ffdbf410000 - 0x00007ffdbf42e000 	C:\Users\Theod\AppData\Local\Temp\native-platform3469938627208052730dir\native-platform.dll
0x00007ffddaca0000 - 0x00007ffddaca8000 	C:\Program Files\Android\Android Studio\jre\bin\rmi.dll
0x00007ffdd7150000 - 0x00007ffdd7167000 	C:\WINDOWS\system32\napinsp.dll
0x00007ffdd70e0000 - 0x00007ffdd70fb000 	C:\WINDOWS\system32\pnrpnsp.dll
0x00007ffdd6df0000 - 0x00007ffdd6e02000 	C:\WINDOWS\System32\winrnr.dll
0x00007ffde30b0000 - 0x00007ffde30c5000 	C:\WINDOWS\system32\wshbth.dll
0x00007ffddef60000 - 0x00007ffddef7f000 	C:\WINDOWS\system32\nlansp_c.dll
0x00007ffddfab0000 - 0x00007ffddfaba000 	C:\Windows\System32\rasadhlp.dll
0x00007ffde11f0000 - 0x00007ffde1271000 	C:\WINDOWS\System32\fwpuclnt.dll
0x00007ffdebe20000 - 0x00007ffdebe54000 	C:\WINDOWS\SYSTEM32\ntmarta.dll

dbghelp: loaded successfully - version: 4.0.5 - missing functions: none
symbol engine: initialized successfully - sym options: 0x614 - pdb path: .;C:\Program Files\Android\Android Studio\jre\bin;C:\WINDOWS\SYSTEM32;C:\WINDOWS\WinSxS\amd64_microsoft.windows.common-controls_6595b64144ccf1df_6.0.22000.120_none_9d947278b86cc467;C:\Program Files\Android\Android Studio\jre\bin\server;C:\Users\Theod\.gradle\native\8bec1ad78214c89d9ad589b4d07fe93259594b29d510b10fafb7a158f7737e5d\windows-amd64;C:\Users\Theod\.gradle\native\53dbd7edfb1c66fb8903c78663c9afc45aea4f116125fa6feffd364cf09443e8\windows-amd64;C:\Users\Theod\AppData\Local\Temp\native-platform3469938627208052730dir

VM Arguments:
jvm_args: --add-opens=java.base/java.util=ALL-UNNAMED --add-opens=java.base/java.lang=ALL-UNNAMED --add-opens=java.base/java.lang.invoke=ALL-UNNAMED --add-opens=java.base/java.util=ALL-UNNAMED --add-opens=java.prefs/java.util.prefs=ALL-UNNAMED --add-opens=java.prefs/java.util.prefs=ALL-UNNAMED --add-opens=java.base/java.nio.charset=ALL-UNNAMED --add-opens=java.base/java.net=ALL-UNNAMED --add-opens=java.base/java.util.concurrent.atomic=ALL-UNNAMED -Xmx2048m -Dfile.encoding=UTF-8 -Duser.country=US -Duser.language=en -Duser.variant 
java_command: org.gradle.launcher.daemon.bootstrap.GradleDaemon 7.0.2
java_class_path (initial): C:\Users\Theod\.gradle\wrapper\dists\gradle-7.0.2-bin\857tjihv64xamwrf0h14cai3r\gradle-7.0.2\lib\gradle-launcher-7.0.2.jar
Launcher Type: SUN_STANDARD

[Global flags]
     intx CICompilerCount                          = 3                                         {product} {ergonomic}
     uint ConcGCThreads                            = 1                                         {product} {ergonomic}
     uint G1ConcRefinementThreads                  = 4                                         {product} {ergonomic}
   size_t G1HeapRegionSize                         = 1048576                                   {product} {ergonomic}
    uintx GCDrainStackTargetSize                   = 64                                        {product} {ergonomic}
   size_t InitialHeapSize                          = 232783872                                 {product} {ergonomic}
   size_t MarkStackSize                            = 4194304                                   {product} {ergonomic}
   size_t MaxHeapSize                              = 2147483648                                {product} {command line}
   size_t MaxNewSize                               = 1287651328                                {product} {ergonomic}
   size_t MinHeapDeltaBytes                        = 1048576                                   {product} {ergonomic}
    uintx NonNMethodCodeHeapSize                   = 5830732                                {pd product} {ergonomic}
    uintx NonProfiledCodeHeapSize                  = 122913754                              {pd product} {ergonomic}
    uintx ProfiledCodeHeapSize                     = 122913754                              {pd product} {ergonomic}
    uintx ReservedCodeCacheSize                    = 251658240                              {pd product} {ergonomic}
     bool SegmentedCodeCache                       = true                                      {product} {ergonomic}
     bool UseCompressedClassPointers               = true                                 {lp64_product} {ergonomic}
     bool UseCompressedOops                        = true                                 {lp64_product} {ergonomic}
     bool UseG1GC                                  = true                                      {product} {ergonomic}
     bool UseLargePagesIndividualAllocation        = false                                  {pd product} {ergonomic}

Logging:
Log output configuration:
 #0: stdout all=warning uptime,level,tags
 #1: stderr all=off uptime,level,tags

Environment Variables:
PATH=C:\Program Files (x86)\Common Files\Intel\Shared Files\cpp\bin\Intel64;C:\Program Files (x86)\Common Files\Oracle\Java\javapath;C:\WINDOWS\system32;C:\WINDOWS;C:\WINDOWS\System32\Wbem;C:\WINDOWS\System32\WindowsPowerShell\v1.0\;C:\WINDOWS\System32\OpenSSH\;C:\Program Files\Git\cmd;C:\Program Files\nodejs\;C:\Program Files\Microsoft SQL Server\130\Tools\Binn\;C:\Program Files\Microsoft SQL Server\Client SDK\ODBC\170\Tools\Binn\;C:\Program Files\dotnet\;C:\Program Files\Microsoft SQL Server\150\Tools\Binn\;C:\Users\Theod\AppData\Local\Microsoft\WindowsApps;;C:\Users\Theod\AppData\Local\Programs\Microsoft VS Code\bin;C:\Users\Theod\AppData\Roaming\npm;C:\xampp\php;C:\Users\Theod\AppData\Local\ComposerSetup\bin;C:\Users\Theod\AppData\Roaming\Composer\vendor\bin;C:\Users\Theod\.dotnet\tools
USERNAME=Theod
OS=Windows_NT
PROCESSOR_IDENTIFIER=AMD64 Family 23 Model 96 Stepping 1, AuthenticAMD



---------------  S Y S T E M  ---------------

OS: Windows 10 , 64 bit Build 22000 (10.0.22000.318)
OS uptime: 4 days 14:58 hours

CPU:total 4 (initial active 4) (4 cores per cpu, 1 threads per core) family 23 model 96 stepping 1 microcode 0x0, cmov, cx8, fxsr, mmx, sse, sse2, sse3, ssse3, sse4.1, sse4.2, popcnt, avx, avx2, aes, clmul, mmxext, 3dnowpref, lzcnt, sse4a, tsc, tscinvbit, tscinv, bmi1, bmi2, adx, sha, 

Memory: 4k page, system-wide physical 14205M (1135M free)
TotalPageFile size 25860M (AvailPageFile size 2927M)
current process WorkingSet (physical memory assigned to process): 707M, peak: 790M
current process commit charge ("private bytes"): 819M, peak: 838M

vm_info: OpenJDK 64-Bit Server VM (11.0.10+0-b96-7249189) for windows-amd64 JRE (11.0.10+0-b96-7249189), built on Mar 31 2021 21:44:00 by "builder" with MS VC++ 14.0 (VS2015)

END.
